2021-03-21 11:37:48,424 538  [main] INFO  main.MainMask - Read 32 properties from src/Mask.properties.
2021-03-21 11:37:48,457 571  [main] INFO  d.f.i.i.f.settings.Settings - Not set logSensitiveData, using default value 'false'.
2021-03-21 11:37:48,457 571  [main] INFO  d.f.i.i.f.settings.Settings - Setting tempPath has value 'C:\Users\dell\AppData\Local\Temp\'.
2021-03-21 11:37:48,460 574  [main] INFO  d.f.i.i.f.settings.Settings - Not set enableActuation, using default value 'false'.
2021-03-21 11:37:48,462 576  [main] INFO  d.f.i.i.f.settings.Settings - Not set enableMultiDatastream, using default value 'true'.
2021-03-21 11:37:48,462 576  [main] INFO  d.f.i.i.f.settings.Settings - Setting serviceRootUrl has value 'http://localhost:8080/FROST-Server'.
2021-03-21 11:37:48,463 577  [main] INFO  d.f.i.i.f.settings.Settings - Not set useAbsoluteNavigationLinks, using default value 'true'.
2021-03-21 11:37:48,463 577  [main] INFO  d.f.i.i.f.settings.Settings - Not set defaultCount, using default value 'true'.
2021-03-21 11:37:48,463 577  [main] INFO  d.f.i.i.f.settings.Settings - Not set defaultTop, using default value '100'.
2021-03-21 11:37:48,464 578  [main] INFO  d.f.i.i.f.settings.Settings - Not set maxTop, using default value '100'.
2021-03-21 11:37:48,464 578  [main] INFO  d.f.i.i.f.settings.Settings - Not set maxDataSize, using default value '25000000'.
2021-03-21 11:37:48,465 579  [main] INFO  d.f.i.i.f.settings.Settings - Setting mqtt.mqttServerImplementationClass has value 'de.fraunhofer.iosb.ilt.sensorthingsserver.mqtt.moquette.MoquetteMqttServer'.
2021-03-21 11:37:48,465 579  [main] INFO  d.f.i.i.f.settings.Settings - Setting mqtt.Enabled has value 'true'.
2021-03-21 11:37:48,465 579  [main] INFO  d.f.i.i.f.settings.Settings - Setting mqtt.Port has value '1883'.
2021-03-21 11:37:48,465 579  [main] INFO  d.f.i.i.f.settings.Settings - Setting mqtt.Host has value '0.0.0.0'.
2021-03-21 11:37:48,465 579  [main] INFO  d.f.i.i.f.settings.Settings - Setting mqtt.internalHost has value 'localhost'.
2021-03-21 11:37:48,465 579  [main] INFO  d.f.i.i.f.settings.Settings - Setting mqtt.SubscribeMessageQueueSize has value '100'.
2021-03-21 11:37:48,466 580  [main] INFO  d.f.i.i.f.settings.Settings - Setting mqtt.SubscribeThreadPoolSize has value '20'.
2021-03-21 11:37:48,466 580  [main] INFO  d.f.i.i.f.settings.Settings - Setting mqtt.CreateMessageQueueSize has value '100'.
2021-03-21 11:37:48,466 580  [main] INFO  d.f.i.i.f.settings.Settings - Setting mqtt.CreateThreadPoolSize has value '10'.
2021-03-21 11:37:48,466 580  [main] INFO  d.f.i.i.f.settings.Settings - Setting mqtt.QoS has value '1'.
2021-03-21 11:37:48,467 581  [main] INFO  d.f.i.i.f.settings.Settings - Setting persistence.persistenceManagerImplementationClass has value 'de.fraunhofer.iosb.ilt.sta.persistence.postgres.longid.PostgresPersistenceManagerString'.
2021-03-21 11:37:48,467 581  [main] INFO  d.f.i.i.f.settings.Settings - Setting persistence.alwaysOrderbyId has value 'false'.
2021-03-21 11:37:48,468 582  [main] INFO  d.f.i.i.f.settings.Settings - Not set persistence.idGenerationMode, using default value 'ServerGeneratedOnly'.
2021-03-21 11:37:48,468 582  [main] INFO  d.f.i.i.f.settings.Settings - Not set persistence.autoUpdateDatabase, using default value 'false'.
2021-03-21 11:37:48,468 582  [main] INFO  d.f.i.i.f.settings.Settings - Not set persistence.slowQueryThreshold, using default value '200'.
2021-03-21 11:37:48,468 582  [main] INFO  d.f.i.i.f.settings.Settings - Not set persistence.queryTimeout, using default value '0'.
2021-03-21 11:37:48,469 583  [main] INFO  d.f.i.i.f.settings.Settings - Setting bus.busImplementationClass has value 'de.fraunhofer.iosb.ilt.sta.messagebus.MqttMessageBus'.
2021-03-21 11:37:48,471 585  [main] INFO  d.f.i.i.f.settings.Settings - Not set extension.customLinks.enable, using default value 'false'.
2021-03-21 11:37:48,471 585  [main] INFO  d.f.i.i.f.settings.Settings - Not set plugins.providedPlugins, using default value 'de.fraunhofer.iosb.ilt.frostserver.formatter.PluginResultFormatDefault,de.fraunhofer.iosb.ilt.frostserver.plugin.batchprocessing.PluginBatchProcessing,de.fraunhofer.iosb.ilt.frostserver.plugin.format.dataarray.PluginResultFormatDataArray,de.fraunhofer.iosb.ilt.frostserver.plugin.format.csv.PluginResultFormatCsv,de.fraunhofer.iosb.ilt.frostserver.plugin.format.geojson.PluginResultFormatGeoJson,de.fraunhofer.iosb.ilt.frostserver.plugin.openapi.PluginOpenApi'.
2021-03-21 11:37:48,490 604  [main] WARN  d.f.i.i.f.service.PluginManager - Could not load given plugin class: 'de.fraunhofer.iosb.ilt.frostserver.plugin.batchprocessing.PluginBatchProcessing'
2021-03-21 11:37:48,490 604  [main] WARN  d.f.i.i.f.service.PluginManager - Could not load given plugin class: 'de.fraunhofer.iosb.ilt.frostserver.plugin.format.dataarray.PluginResultFormatDataArray'
2021-03-21 11:37:48,490 604  [main] WARN  d.f.i.i.f.service.PluginManager - Could not load given plugin class: 'de.fraunhofer.iosb.ilt.frostserver.plugin.format.csv.PluginResultFormatCsv'
2021-03-21 11:37:48,490 604  [main] WARN  d.f.i.i.f.service.PluginManager - Could not load given plugin class: 'de.fraunhofer.iosb.ilt.frostserver.plugin.format.geojson.PluginResultFormatGeoJson'
2021-03-21 11:37:48,490 604  [main] WARN  d.f.i.i.f.service.PluginManager - Could not load given plugin class: 'de.fraunhofer.iosb.ilt.frostserver.plugin.openapi.PluginOpenApi'
2021-03-21 11:37:48,492 606  [main] INFO  d.f.i.i.f.settings.Settings - Not set plugins.plugins, using default value ''.
2021-03-21 11:37:49,470 1584 [main] INFO  d.f.i.i.f.settings.Settings - Setting persistence.db.url has value '*****'.
2021-03-21 11:37:49,471 1585 [main] INFO  d.f.i.i.f.p.p.utils.ConnectionUtils - Setting up BasicDataSource for database connections.
2021-03-21 11:37:49,471 1585 [main] INFO  d.f.i.i.f.settings.Settings - Setting persistence.db.driver has value 'org.postgresql.Driver'.
2021-03-21 11:37:49,593 1707 [main] INFO  d.f.i.i.f.settings.Settings - Setting persistence.db.url has value '*****'.
2021-03-21 11:37:49,593 1707 [main] INFO  d.f.i.i.f.settings.Settings - Setting persistence.db.username has value 'sensorthings'.
2021-03-21 11:37:49,594 1708 [main] INFO  d.f.i.i.f.settings.Settings - Setting persistence.db.password has value '*****'.
2021-03-21 11:37:49,594 1708 [main] INFO  d.f.i.i.f.settings.Settings - Not set persistence.db.conn.idle.max, using default value '8'.
2021-03-21 11:37:49,594 1708 [main] INFO  d.f.i.i.f.settings.Settings - Not set persistence.db.conn.max, using default value '8'.
2021-03-21 11:37:49,594 1708 [main] INFO  d.f.i.i.f.settings.Settings - Not set persistence.db.conn.idle.min, using default value '0'.
2021-03-21 11:37:50,901 3015 [main] INFO  org.jooq.Constants - 
                                      
@@@@@@@@@@@@@@@@@@@@@@@@@@@@@@@@@@@@@@
@@@@@@@@@@@@@@@@@@@@@@@@@@@@@@@@@@@@@@
@@@@@@@@@@@@@@@@  @@        @@@@@@@@@@
@@@@@@@@@@@@@@@@@@@@        @@@@@@@@@@
@@@@@@@@@@@@@@@@  @@  @@    @@@@@@@@@@
@@@@@@@@@@  @@@@  @@  @@    @@@@@@@@@@
@@@@@@@@@@        @@        @@@@@@@@@@
@@@@@@@@@@@@@@@@@@@@@@@@@@@@@@@@@@@@@@
@@@@@@@@@@@@@@@@@@@@@@@@@@@@@@@@@@@@@@
@@@@@@@@@@        @@        @@@@@@@@@@
@@@@@@@@@@    @@  @@  @@@@  @@@@@@@@@@
@@@@@@@@@@    @@  @@  @@@@  @@@@@@@@@@
@@@@@@@@@@        @@  @  @  @@@@@@@@@@
@@@@@@@@@@        @@        @@@@@@@@@@
@@@@@@@@@@@@@@@@@@@@@@@  @@@@@@@@@@@@@
@@@@@@@@@@@@@@@@@@@@@@@@@@@@@@@@@@@@@@
@@@@@@@@@@@@@@@@@@@@@@@@@@@@@@@@@@@@@@  Thank you for using jOOQ 3.14.8
                                      
2021-03-21 11:39:46,014 288  [main] INFO  main.MainMask - Read 32 properties from src/Mask.properties.
2021-03-21 11:39:46,038 312  [main] INFO  d.f.i.i.f.settings.Settings - Not set logSensitiveData, using default value 'false'.
2021-03-21 11:39:46,038 312  [main] INFO  d.f.i.i.f.settings.Settings - Setting tempPath has value 'C:\Users\dell\AppData\Local\Temp\'.
2021-03-21 11:39:46,040 314  [main] INFO  d.f.i.i.f.settings.Settings - Not set enableActuation, using default value 'false'.
2021-03-21 11:39:46,040 314  [main] INFO  d.f.i.i.f.settings.Settings - Not set enableMultiDatastream, using default value 'true'.
2021-03-21 11:39:46,040 314  [main] INFO  d.f.i.i.f.settings.Settings - Setting serviceRootUrl has value 'http://localhost:8080/FROST-Server'.
2021-03-21 11:39:46,041 315  [main] INFO  d.f.i.i.f.settings.Settings - Not set useAbsoluteNavigationLinks, using default value 'true'.
2021-03-21 11:39:46,041 315  [main] INFO  d.f.i.i.f.settings.Settings - Not set defaultCount, using default value 'true'.
2021-03-21 11:39:46,041 315  [main] INFO  d.f.i.i.f.settings.Settings - Not set defaultTop, using default value '100'.
2021-03-21 11:39:46,041 315  [main] INFO  d.f.i.i.f.settings.Settings - Not set maxTop, using default value '100'.
2021-03-21 11:39:46,041 315  [main] INFO  d.f.i.i.f.settings.Settings - Not set maxDataSize, using default value '25000000'.
2021-03-21 11:39:46,042 316  [main] INFO  d.f.i.i.f.settings.Settings - Setting mqtt.mqttServerImplementationClass has value 'de.fraunhofer.iosb.ilt.sensorthingsserver.mqtt.moquette.MoquetteMqttServer'.
2021-03-21 11:39:46,043 317  [main] INFO  d.f.i.i.f.settings.Settings - Setting mqtt.Enabled has value 'true'.
2021-03-21 11:39:46,043 317  [main] INFO  d.f.i.i.f.settings.Settings - Setting mqtt.Port has value '1883'.
2021-03-21 11:39:46,043 317  [main] INFO  d.f.i.i.f.settings.Settings - Setting mqtt.Host has value '0.0.0.0'.
2021-03-21 11:39:46,043 317  [main] INFO  d.f.i.i.f.settings.Settings - Setting mqtt.internalHost has value 'localhost'.
2021-03-21 11:39:46,043 317  [main] INFO  d.f.i.i.f.settings.Settings - Setting mqtt.SubscribeMessageQueueSize has value '100'.
2021-03-21 11:39:46,043 317  [main] INFO  d.f.i.i.f.settings.Settings - Setting mqtt.SubscribeThreadPoolSize has value '20'.
2021-03-21 11:39:46,043 317  [main] INFO  d.f.i.i.f.settings.Settings - Setting mqtt.CreateMessageQueueSize has value '100'.
2021-03-21 11:39:46,043 317  [main] INFO  d.f.i.i.f.settings.Settings - Setting mqtt.CreateThreadPoolSize has value '10'.
2021-03-21 11:39:46,044 318  [main] INFO  d.f.i.i.f.settings.Settings - Setting mqtt.QoS has value '1'.
2021-03-21 11:39:46,044 318  [main] INFO  d.f.i.i.f.settings.Settings - Setting persistence.persistenceManagerImplementationClass has value 'de.fraunhofer.iosb.ilt.sta.persistence.postgres.longid.PostgresPersistenceManagerString'.
2021-03-21 11:39:46,044 318  [main] INFO  d.f.i.i.f.settings.Settings - Setting persistence.alwaysOrderbyId has value 'false'.
2021-03-21 11:39:46,045 319  [main] INFO  d.f.i.i.f.settings.Settings - Not set persistence.idGenerationMode, using default value 'ServerGeneratedOnly'.
2021-03-21 11:39:46,045 319  [main] INFO  d.f.i.i.f.settings.Settings - Not set persistence.autoUpdateDatabase, using default value 'false'.
2021-03-21 11:39:46,045 319  [main] INFO  d.f.i.i.f.settings.Settings - Not set persistence.slowQueryThreshold, using default value '200'.
2021-03-21 11:39:46,045 319  [main] INFO  d.f.i.i.f.settings.Settings - Not set persistence.queryTimeout, using default value '0'.
2021-03-21 11:39:46,046 320  [main] INFO  d.f.i.i.f.settings.Settings - Setting bus.busImplementationClass has value 'de.fraunhofer.iosb.ilt.sta.messagebus.MqttMessageBus'.
2021-03-21 11:39:46,047 321  [main] INFO  d.f.i.i.f.settings.Settings - Not set extension.customLinks.enable, using default value 'false'.
2021-03-21 11:39:46,047 321  [main] INFO  d.f.i.i.f.settings.Settings - Not set plugins.providedPlugins, using default value 'de.fraunhofer.iosb.ilt.frostserver.formatter.PluginResultFormatDefault,de.fraunhofer.iosb.ilt.frostserver.plugin.batchprocessing.PluginBatchProcessing,de.fraunhofer.iosb.ilt.frostserver.plugin.format.dataarray.PluginResultFormatDataArray,de.fraunhofer.iosb.ilt.frostserver.plugin.format.csv.PluginResultFormatCsv,de.fraunhofer.iosb.ilt.frostserver.plugin.format.geojson.PluginResultFormatGeoJson,de.fraunhofer.iosb.ilt.frostserver.plugin.openapi.PluginOpenApi'.
2021-03-21 11:39:46,050 324  [main] WARN  d.f.i.i.f.service.PluginManager - Could not load given plugin class: 'de.fraunhofer.iosb.ilt.frostserver.plugin.batchprocessing.PluginBatchProcessing'
2021-03-21 11:39:46,050 324  [main] WARN  d.f.i.i.f.service.PluginManager - Could not load given plugin class: 'de.fraunhofer.iosb.ilt.frostserver.plugin.format.dataarray.PluginResultFormatDataArray'
2021-03-21 11:39:46,050 324  [main] WARN  d.f.i.i.f.service.PluginManager - Could not load given plugin class: 'de.fraunhofer.iosb.ilt.frostserver.plugin.format.csv.PluginResultFormatCsv'
2021-03-21 11:39:46,050 324  [main] WARN  d.f.i.i.f.service.PluginManager - Could not load given plugin class: 'de.fraunhofer.iosb.ilt.frostserver.plugin.format.geojson.PluginResultFormatGeoJson'
2021-03-21 11:39:46,051 325  [main] WARN  d.f.i.i.f.service.PluginManager - Could not load given plugin class: 'de.fraunhofer.iosb.ilt.frostserver.plugin.openapi.PluginOpenApi'
2021-03-21 11:39:46,053 327  [main] INFO  d.f.i.i.f.settings.Settings - Not set plugins.plugins, using default value ''.
2021-03-21 11:39:46,487 761  [main] INFO  d.f.i.i.f.settings.Settings - Setting persistence.db.url has value '*****'.
2021-03-21 11:39:46,487 761  [main] INFO  d.f.i.i.f.p.p.utils.ConnectionUtils - Setting up BasicDataSource for database connections.
2021-03-21 11:39:46,487 761  [main] INFO  d.f.i.i.f.settings.Settings - Setting persistence.db.driver has value 'org.postgresql.Driver'.
2021-03-21 11:39:46,527 801  [main] INFO  d.f.i.i.f.settings.Settings - Setting persistence.db.url has value '*****'.
2021-03-21 11:39:46,527 801  [main] INFO  d.f.i.i.f.settings.Settings - Setting persistence.db.username has value 'sensorthings'.
2021-03-21 11:39:46,527 801  [main] INFO  d.f.i.i.f.settings.Settings - Setting persistence.db.password has value '*****'.
2021-03-21 11:39:46,527 801  [main] INFO  d.f.i.i.f.settings.Settings - Not set persistence.db.conn.idle.max, using default value '8'.
2021-03-21 11:39:46,527 801  [main] INFO  d.f.i.i.f.settings.Settings - Not set persistence.db.conn.max, using default value '8'.
2021-03-21 11:39:46,527 801  [main] INFO  d.f.i.i.f.settings.Settings - Not set persistence.db.conn.idle.min, using default value '0'.
2021-03-21 11:39:47,274 1548 [main] INFO  org.jooq.Constants - 
                                      
@@@@@@@@@@@@@@@@@@@@@@@@@@@@@@@@@@@@@@
@@@@@@@@@@@@@@@@@@@@@@@@@@@@@@@@@@@@@@
@@@@@@@@@@@@@@@@  @@        @@@@@@@@@@
@@@@@@@@@@@@@@@@@@@@        @@@@@@@@@@
@@@@@@@@@@@@@@@@  @@  @@    @@@@@@@@@@
@@@@@@@@@@  @@@@  @@  @@    @@@@@@@@@@
@@@@@@@@@@        @@        @@@@@@@@@@
@@@@@@@@@@@@@@@@@@@@@@@@@@@@@@@@@@@@@@
@@@@@@@@@@@@@@@@@@@@@@@@@@@@@@@@@@@@@@
@@@@@@@@@@        @@        @@@@@@@@@@
@@@@@@@@@@    @@  @@  @@@@  @@@@@@@@@@
@@@@@@@@@@    @@  @@  @@@@  @@@@@@@@@@
@@@@@@@@@@        @@  @  @  @@@@@@@@@@
@@@@@@@@@@        @@        @@@@@@@@@@
@@@@@@@@@@@@@@@@@@@@@@@  @@@@@@@@@@@@@
@@@@@@@@@@@@@@@@@@@@@@@@@@@@@@@@@@@@@@
@@@@@@@@@@@@@@@@@@@@@@@@@@@@@@@@@@@@@@  Thank you for using jOOQ 3.14.8
                                      
2021-03-21 11:42:24,298 348  [main] INFO  main.MainMask - Read 32 properties from src/Mask.properties.
2021-03-21 11:42:24,328 378  [main] INFO  d.f.i.i.f.settings.Settings - Not set logSensitiveData, using default value 'false'.
2021-03-21 11:42:24,329 379  [main] INFO  d.f.i.i.f.settings.Settings - Setting tempPath has value 'C:\Users\dell\AppData\Local\Temp\'.
2021-03-21 11:42:24,331 381  [main] INFO  d.f.i.i.f.settings.Settings - Not set enableActuation, using default value 'false'.
2021-03-21 11:42:24,331 381  [main] INFO  d.f.i.i.f.settings.Settings - Not set enableMultiDatastream, using default value 'true'.
2021-03-21 11:42:24,332 382  [main] INFO  d.f.i.i.f.settings.Settings - Setting serviceRootUrl has value 'http://localhost:8080/FROST-Server'.
2021-03-21 11:42:24,332 382  [main] INFO  d.f.i.i.f.settings.Settings - Not set useAbsoluteNavigationLinks, using default value 'true'.
2021-03-21 11:42:24,332 382  [main] INFO  d.f.i.i.f.settings.Settings - Not set defaultCount, using default value 'true'.
2021-03-21 11:42:24,332 382  [main] INFO  d.f.i.i.f.settings.Settings - Not set defaultTop, using default value '100'.
2021-03-21 11:42:24,332 382  [main] INFO  d.f.i.i.f.settings.Settings - Not set maxTop, using default value '100'.
2021-03-21 11:42:24,332 382  [main] INFO  d.f.i.i.f.settings.Settings - Not set maxDataSize, using default value '25000000'.
2021-03-21 11:42:24,334 384  [main] INFO  d.f.i.i.f.settings.Settings - Setting mqtt.mqttServerImplementationClass has value 'de.fraunhofer.iosb.ilt.sensorthingsserver.mqtt.moquette.MoquetteMqttServer'.
2021-03-21 11:42:24,334 384  [main] INFO  d.f.i.i.f.settings.Settings - Setting mqtt.Enabled has value 'true'.
2021-03-21 11:42:24,334 384  [main] INFO  d.f.i.i.f.settings.Settings - Setting mqtt.Port has value '1883'.
2021-03-21 11:42:24,334 384  [main] INFO  d.f.i.i.f.settings.Settings - Setting mqtt.Host has value '0.0.0.0'.
2021-03-21 11:42:24,334 384  [main] INFO  d.f.i.i.f.settings.Settings - Setting mqtt.internalHost has value 'localhost'.
2021-03-21 11:42:24,335 385  [main] INFO  d.f.i.i.f.settings.Settings - Setting mqtt.SubscribeMessageQueueSize has value '100'.
2021-03-21 11:42:24,335 385  [main] INFO  d.f.i.i.f.settings.Settings - Setting mqtt.SubscribeThreadPoolSize has value '20'.
2021-03-21 11:42:24,335 385  [main] INFO  d.f.i.i.f.settings.Settings - Setting mqtt.CreateMessageQueueSize has value '100'.
2021-03-21 11:42:24,335 385  [main] INFO  d.f.i.i.f.settings.Settings - Setting mqtt.CreateThreadPoolSize has value '10'.
2021-03-21 11:42:24,335 385  [main] INFO  d.f.i.i.f.settings.Settings - Setting mqtt.QoS has value '1'.
2021-03-21 11:42:24,336 386  [main] INFO  d.f.i.i.f.settings.Settings - Setting persistence.persistenceManagerImplementationClass has value 'de.fraunhofer.iosb.ilt.sta.persistence.postgres.longid.PostgresPersistenceManagerString'.
2021-03-21 11:42:24,336 386  [main] INFO  d.f.i.i.f.settings.Settings - Setting persistence.alwaysOrderbyId has value 'false'.
2021-03-21 11:42:24,337 387  [main] INFO  d.f.i.i.f.settings.Settings - Not set persistence.idGenerationMode, using default value 'ServerGeneratedOnly'.
2021-03-21 11:42:24,337 387  [main] INFO  d.f.i.i.f.settings.Settings - Not set persistence.autoUpdateDatabase, using default value 'false'.
2021-03-21 11:42:24,337 387  [main] INFO  d.f.i.i.f.settings.Settings - Not set persistence.slowQueryThreshold, using default value '200'.
2021-03-21 11:42:24,337 387  [main] INFO  d.f.i.i.f.settings.Settings - Not set persistence.queryTimeout, using default value '0'.
2021-03-21 11:42:24,338 388  [main] INFO  d.f.i.i.f.settings.Settings - Setting bus.busImplementationClass has value 'de.fraunhofer.iosb.ilt.sta.messagebus.MqttMessageBus'.
2021-03-21 11:42:24,340 390  [main] INFO  d.f.i.i.f.settings.Settings - Not set extension.customLinks.enable, using default value 'false'.
2021-03-21 11:42:24,340 390  [main] INFO  d.f.i.i.f.settings.Settings - Not set plugins.providedPlugins, using default value 'de.fraunhofer.iosb.ilt.frostserver.formatter.PluginResultFormatDefault,de.fraunhofer.iosb.ilt.frostserver.plugin.batchprocessing.PluginBatchProcessing,de.fraunhofer.iosb.ilt.frostserver.plugin.format.dataarray.PluginResultFormatDataArray,de.fraunhofer.iosb.ilt.frostserver.plugin.format.csv.PluginResultFormatCsv,de.fraunhofer.iosb.ilt.frostserver.plugin.format.geojson.PluginResultFormatGeoJson,de.fraunhofer.iosb.ilt.frostserver.plugin.openapi.PluginOpenApi'.
2021-03-21 11:42:24,342 392  [main] WARN  d.f.i.i.f.service.PluginManager - Could not load given plugin class: 'de.fraunhofer.iosb.ilt.frostserver.plugin.batchprocessing.PluginBatchProcessing'
2021-03-21 11:42:24,343 393  [main] WARN  d.f.i.i.f.service.PluginManager - Could not load given plugin class: 'de.fraunhofer.iosb.ilt.frostserver.plugin.format.dataarray.PluginResultFormatDataArray'
2021-03-21 11:42:24,343 393  [main] WARN  d.f.i.i.f.service.PluginManager - Could not load given plugin class: 'de.fraunhofer.iosb.ilt.frostserver.plugin.format.csv.PluginResultFormatCsv'
2021-03-21 11:42:24,344 394  [main] WARN  d.f.i.i.f.service.PluginManager - Could not load given plugin class: 'de.fraunhofer.iosb.ilt.frostserver.plugin.format.geojson.PluginResultFormatGeoJson'
2021-03-21 11:42:24,344 394  [main] WARN  d.f.i.i.f.service.PluginManager - Could not load given plugin class: 'de.fraunhofer.iosb.ilt.frostserver.plugin.openapi.PluginOpenApi'
2021-03-21 11:42:24,347 397  [main] INFO  d.f.i.i.f.settings.Settings - Not set plugins.plugins, using default value ''.
2021-03-21 11:42:24,831 881  [main] INFO  d.f.i.i.f.settings.Settings - Setting persistence.db.url has value '*****'.
2021-03-21 11:42:24,831 881  [main] INFO  d.f.i.i.f.p.p.utils.ConnectionUtils - Setting up BasicDataSource for database connections.
2021-03-21 11:42:24,831 881  [main] INFO  d.f.i.i.f.settings.Settings - Setting persistence.db.driver has value 'org.postgresql.Driver'.
2021-03-21 11:42:24,871 921  [main] INFO  d.f.i.i.f.settings.Settings - Setting persistence.db.url has value '*****'.
2021-03-21 11:42:24,871 921  [main] INFO  d.f.i.i.f.settings.Settings - Setting persistence.db.username has value 'sensorthings'.
2021-03-21 11:42:24,872 922  [main] INFO  d.f.i.i.f.settings.Settings - Setting persistence.db.password has value '*****'.
2021-03-21 11:42:24,872 922  [main] INFO  d.f.i.i.f.settings.Settings - Not set persistence.db.conn.idle.max, using default value '8'.
2021-03-21 11:42:24,872 922  [main] INFO  d.f.i.i.f.settings.Settings - Not set persistence.db.conn.max, using default value '8'.
2021-03-21 11:42:24,872 922  [main] INFO  d.f.i.i.f.settings.Settings - Not set persistence.db.conn.idle.min, using default value '0'.
2021-03-21 11:42:25,601 1651 [main] INFO  org.jooq.Constants - 
                                      
@@@@@@@@@@@@@@@@@@@@@@@@@@@@@@@@@@@@@@
@@@@@@@@@@@@@@@@@@@@@@@@@@@@@@@@@@@@@@
@@@@@@@@@@@@@@@@  @@        @@@@@@@@@@
@@@@@@@@@@@@@@@@@@@@        @@@@@@@@@@
@@@@@@@@@@@@@@@@  @@  @@    @@@@@@@@@@
@@@@@@@@@@  @@@@  @@  @@    @@@@@@@@@@
@@@@@@@@@@        @@        @@@@@@@@@@
@@@@@@@@@@@@@@@@@@@@@@@@@@@@@@@@@@@@@@
@@@@@@@@@@@@@@@@@@@@@@@@@@@@@@@@@@@@@@
@@@@@@@@@@        @@        @@@@@@@@@@
@@@@@@@@@@    @@  @@  @@@@  @@@@@@@@@@
@@@@@@@@@@    @@  @@  @@@@  @@@@@@@@@@
@@@@@@@@@@        @@  @  @  @@@@@@@@@@
@@@@@@@@@@        @@        @@@@@@@@@@
@@@@@@@@@@@@@@@@@@@@@@@  @@@@@@@@@@@@@
@@@@@@@@@@@@@@@@@@@@@@@@@@@@@@@@@@@@@@
@@@@@@@@@@@@@@@@@@@@@@@@@@@@@@@@@@@@@@  Thank you for using jOOQ 3.14.8
                                      
2021-03-21 11:45:54,071 294  [main] INFO  main.MainMask - Read 32 properties from src/Mask.properties.
2021-03-21 11:45:54,095 318  [main] INFO  d.f.i.i.f.settings.Settings - Not set logSensitiveData, using default value 'false'.
2021-03-21 11:45:54,095 318  [main] INFO  d.f.i.i.f.settings.Settings - Setting tempPath has value 'C:\Users\dell\AppData\Local\Temp\'.
2021-03-21 11:45:54,096 319  [main] INFO  d.f.i.i.f.settings.Settings - Not set enableActuation, using default value 'false'.
2021-03-21 11:45:54,097 320  [main] INFO  d.f.i.i.f.settings.Settings - Not set enableMultiDatastream, using default value 'true'.
2021-03-21 11:45:54,097 320  [main] INFO  d.f.i.i.f.settings.Settings - Setting serviceRootUrl has value 'http://localhost:8080/FROST-Server'.
2021-03-21 11:45:54,097 320  [main] INFO  d.f.i.i.f.settings.Settings - Not set useAbsoluteNavigationLinks, using default value 'true'.
2021-03-21 11:45:54,097 320  [main] INFO  d.f.i.i.f.settings.Settings - Not set defaultCount, using default value 'true'.
2021-03-21 11:45:54,097 320  [main] INFO  d.f.i.i.f.settings.Settings - Not set defaultTop, using default value '100'.
2021-03-21 11:45:54,098 321  [main] INFO  d.f.i.i.f.settings.Settings - Not set maxTop, using default value '100'.
2021-03-21 11:45:54,098 321  [main] INFO  d.f.i.i.f.settings.Settings - Not set maxDataSize, using default value '25000000'.
2021-03-21 11:45:54,099 322  [main] INFO  d.f.i.i.f.settings.Settings - Setting mqtt.mqttServerImplementationClass has value 'de.fraunhofer.iosb.ilt.sensorthingsserver.mqtt.moquette.MoquetteMqttServer'.
2021-03-21 11:45:54,099 322  [main] INFO  d.f.i.i.f.settings.Settings - Setting mqtt.Enabled has value 'true'.
2021-03-21 11:45:54,100 323  [main] INFO  d.f.i.i.f.settings.Settings - Setting mqtt.Port has value '1883'.
2021-03-21 11:45:54,100 323  [main] INFO  d.f.i.i.f.settings.Settings - Setting mqtt.Host has value '0.0.0.0'.
2021-03-21 11:45:54,100 323  [main] INFO  d.f.i.i.f.settings.Settings - Setting mqtt.internalHost has value 'localhost'.
2021-03-21 11:45:54,100 323  [main] INFO  d.f.i.i.f.settings.Settings - Setting mqtt.SubscribeMessageQueueSize has value '100'.
2021-03-21 11:45:54,100 323  [main] INFO  d.f.i.i.f.settings.Settings - Setting mqtt.SubscribeThreadPoolSize has value '20'.
2021-03-21 11:45:54,101 324  [main] INFO  d.f.i.i.f.settings.Settings - Setting mqtt.CreateMessageQueueSize has value '100'.
2021-03-21 11:45:54,101 324  [main] INFO  d.f.i.i.f.settings.Settings - Setting mqtt.CreateThreadPoolSize has value '10'.
2021-03-21 11:45:54,101 324  [main] INFO  d.f.i.i.f.settings.Settings - Setting mqtt.QoS has value '1'.
2021-03-21 11:45:54,102 325  [main] INFO  d.f.i.i.f.settings.Settings - Setting persistence.persistenceManagerImplementationClass has value 'de.fraunhofer.iosb.ilt.sta.persistence.postgres.longid.PostgresPersistenceManagerString'.
2021-03-21 11:45:54,102 325  [main] INFO  d.f.i.i.f.settings.Settings - Setting persistence.alwaysOrderbyId has value 'false'.
2021-03-21 11:45:54,103 326  [main] INFO  d.f.i.i.f.settings.Settings - Not set persistence.idGenerationMode, using default value 'ServerGeneratedOnly'.
2021-03-21 11:45:54,103 326  [main] INFO  d.f.i.i.f.settings.Settings - Not set persistence.autoUpdateDatabase, using default value 'false'.
2021-03-21 11:45:54,103 326  [main] INFO  d.f.i.i.f.settings.Settings - Not set persistence.slowQueryThreshold, using default value '200'.
2021-03-21 11:45:54,104 327  [main] INFO  d.f.i.i.f.settings.Settings - Not set persistence.queryTimeout, using default value '0'.
2021-03-21 11:45:54,105 328  [main] INFO  d.f.i.i.f.settings.Settings - Setting bus.busImplementationClass has value 'de.fraunhofer.iosb.ilt.sta.messagebus.MqttMessageBus'.
2021-03-21 11:45:54,106 329  [main] INFO  d.f.i.i.f.settings.Settings - Not set extension.customLinks.enable, using default value 'false'.
2021-03-21 11:45:54,106 329  [main] INFO  d.f.i.i.f.settings.Settings - Not set plugins.providedPlugins, using default value 'de.fraunhofer.iosb.ilt.frostserver.formatter.PluginResultFormatDefault,de.fraunhofer.iosb.ilt.frostserver.plugin.batchprocessing.PluginBatchProcessing,de.fraunhofer.iosb.ilt.frostserver.plugin.format.dataarray.PluginResultFormatDataArray,de.fraunhofer.iosb.ilt.frostserver.plugin.format.csv.PluginResultFormatCsv,de.fraunhofer.iosb.ilt.frostserver.plugin.format.geojson.PluginResultFormatGeoJson,de.fraunhofer.iosb.ilt.frostserver.plugin.openapi.PluginOpenApi'.
2021-03-21 11:45:54,108 331  [main] WARN  d.f.i.i.f.service.PluginManager - Could not load given plugin class: 'de.fraunhofer.iosb.ilt.frostserver.plugin.batchprocessing.PluginBatchProcessing'
2021-03-21 11:45:54,109 332  [main] WARN  d.f.i.i.f.service.PluginManager - Could not load given plugin class: 'de.fraunhofer.iosb.ilt.frostserver.plugin.format.dataarray.PluginResultFormatDataArray'
2021-03-21 11:45:54,109 332  [main] WARN  d.f.i.i.f.service.PluginManager - Could not load given plugin class: 'de.fraunhofer.iosb.ilt.frostserver.plugin.format.csv.PluginResultFormatCsv'
2021-03-21 11:45:54,109 332  [main] WARN  d.f.i.i.f.service.PluginManager - Could not load given plugin class: 'de.fraunhofer.iosb.ilt.frostserver.plugin.format.geojson.PluginResultFormatGeoJson'
2021-03-21 11:45:54,109 332  [main] WARN  d.f.i.i.f.service.PluginManager - Could not load given plugin class: 'de.fraunhofer.iosb.ilt.frostserver.plugin.openapi.PluginOpenApi'
2021-03-21 11:45:54,112 335  [main] INFO  d.f.i.i.f.settings.Settings - Not set plugins.plugins, using default value ''.
2021-03-21 11:45:54,557 780  [main] INFO  d.f.i.i.f.settings.Settings - Setting persistence.db.url has value '*****'.
2021-03-21 11:45:54,558 781  [main] INFO  d.f.i.i.f.p.p.utils.ConnectionUtils - Setting up BasicDataSource for database connections.
2021-03-21 11:45:54,558 781  [main] INFO  d.f.i.i.f.settings.Settings - Setting persistence.db.driver has value 'org.postgresql.Driver'.
2021-03-21 11:45:54,596 819  [main] INFO  d.f.i.i.f.settings.Settings - Setting persistence.db.url has value '*****'.
2021-03-21 11:45:54,596 819  [main] INFO  d.f.i.i.f.settings.Settings - Setting persistence.db.username has value 'sensorthings'.
2021-03-21 11:45:54,596 819  [main] INFO  d.f.i.i.f.settings.Settings - Setting persistence.db.password has value '*****'.
2021-03-21 11:45:54,597 820  [main] INFO  d.f.i.i.f.settings.Settings - Not set persistence.db.conn.idle.max, using default value '8'.
2021-03-21 11:45:54,597 820  [main] INFO  d.f.i.i.f.settings.Settings - Not set persistence.db.conn.max, using default value '8'.
2021-03-21 11:45:54,597 820  [main] INFO  d.f.i.i.f.settings.Settings - Not set persistence.db.conn.idle.min, using default value '0'.
2021-03-21 11:45:55,338 1561 [main] INFO  org.jooq.Constants - 
                                      
@@@@@@@@@@@@@@@@@@@@@@@@@@@@@@@@@@@@@@
@@@@@@@@@@@@@@@@@@@@@@@@@@@@@@@@@@@@@@
@@@@@@@@@@@@@@@@  @@        @@@@@@@@@@
@@@@@@@@@@@@@@@@@@@@        @@@@@@@@@@
@@@@@@@@@@@@@@@@  @@  @@    @@@@@@@@@@
@@@@@@@@@@  @@@@  @@  @@    @@@@@@@@@@
@@@@@@@@@@        @@        @@@@@@@@@@
@@@@@@@@@@@@@@@@@@@@@@@@@@@@@@@@@@@@@@
@@@@@@@@@@@@@@@@@@@@@@@@@@@@@@@@@@@@@@
@@@@@@@@@@        @@        @@@@@@@@@@
@@@@@@@@@@    @@  @@  @@@@  @@@@@@@@@@
@@@@@@@@@@    @@  @@  @@@@  @@@@@@@@@@
@@@@@@@@@@        @@  @  @  @@@@@@@@@@
@@@@@@@@@@        @@        @@@@@@@@@@
@@@@@@@@@@@@@@@@@@@@@@@  @@@@@@@@@@@@@
@@@@@@@@@@@@@@@@@@@@@@@@@@@@@@@@@@@@@@
@@@@@@@@@@@@@@@@@@@@@@@@@@@@@@@@@@@@@@  Thank you for using jOOQ 3.14.8
                                      
2021-03-21 12:20:37,847 349  [main] INFO  main.MainMask - Read 32 properties from src/Mask.properties.
2021-03-21 12:20:37,868 370  [main] INFO  d.f.i.i.f.settings.Settings - Not set logSensitiveData, using default value 'false'.
2021-03-21 12:20:37,868 370  [main] INFO  d.f.i.i.f.settings.Settings - Setting tempPath has value 'C:\Users\dell\AppData\Local\Temp\'.
2021-03-21 12:20:37,870 372  [main] INFO  d.f.i.i.f.settings.Settings - Not set enableActuation, using default value 'false'.
2021-03-21 12:20:37,871 373  [main] INFO  d.f.i.i.f.settings.Settings - Not set enableMultiDatastream, using default value 'true'.
2021-03-21 12:20:37,871 373  [main] INFO  d.f.i.i.f.settings.Settings - Setting serviceRootUrl has value 'http://localhost:8080/FROST-Server'.
2021-03-21 12:20:37,871 373  [main] INFO  d.f.i.i.f.settings.Settings - Not set useAbsoluteNavigationLinks, using default value 'true'.
2021-03-21 12:20:37,871 373  [main] INFO  d.f.i.i.f.settings.Settings - Not set defaultCount, using default value 'true'.
2021-03-21 12:20:37,871 373  [main] INFO  d.f.i.i.f.settings.Settings - Not set defaultTop, using default value '100'.
2021-03-21 12:20:37,872 374  [main] INFO  d.f.i.i.f.settings.Settings - Not set maxTop, using default value '100'.
2021-03-21 12:20:37,872 374  [main] INFO  d.f.i.i.f.settings.Settings - Not set maxDataSize, using default value '25000000'.
2021-03-21 12:20:37,873 375  [main] INFO  d.f.i.i.f.settings.Settings - Setting mqtt.mqttServerImplementationClass has value 'de.fraunhofer.iosb.ilt.sensorthingsserver.mqtt.moquette.MoquetteMqttServer'.
2021-03-21 12:20:37,873 375  [main] INFO  d.f.i.i.f.settings.Settings - Setting mqtt.Enabled has value 'true'.
2021-03-21 12:20:37,873 375  [main] INFO  d.f.i.i.f.settings.Settings - Setting mqtt.Port has value '1883'.
2021-03-21 12:20:37,873 375  [main] INFO  d.f.i.i.f.settings.Settings - Setting mqtt.Host has value '0.0.0.0'.
2021-03-21 12:20:37,873 375  [main] INFO  d.f.i.i.f.settings.Settings - Setting mqtt.internalHost has value 'localhost'.
2021-03-21 12:20:37,874 376  [main] INFO  d.f.i.i.f.settings.Settings - Setting mqtt.SubscribeMessageQueueSize has value '100'.
2021-03-21 12:20:37,874 376  [main] INFO  d.f.i.i.f.settings.Settings - Setting mqtt.SubscribeThreadPoolSize has value '20'.
2021-03-21 12:20:37,874 376  [main] INFO  d.f.i.i.f.settings.Settings - Setting mqtt.CreateMessageQueueSize has value '100'.
2021-03-21 12:20:37,874 376  [main] INFO  d.f.i.i.f.settings.Settings - Setting mqtt.CreateThreadPoolSize has value '10'.
2021-03-21 12:20:37,874 376  [main] INFO  d.f.i.i.f.settings.Settings - Setting mqtt.QoS has value '1'.
2021-03-21 12:20:37,875 377  [main] INFO  d.f.i.i.f.settings.Settings - Setting persistence.persistenceManagerImplementationClass has value 'de.fraunhofer.iosb.ilt.sta.persistence.postgres.longid.PostgresPersistenceManagerString'.
2021-03-21 12:20:37,875 377  [main] INFO  d.f.i.i.f.settings.Settings - Setting persistence.alwaysOrderbyId has value 'false'.
2021-03-21 12:20:37,875 377  [main] INFO  d.f.i.i.f.settings.Settings - Not set persistence.idGenerationMode, using default value 'ServerGeneratedOnly'.
2021-03-21 12:20:37,875 377  [main] INFO  d.f.i.i.f.settings.Settings - Not set persistence.autoUpdateDatabase, using default value 'false'.
2021-03-21 12:20:37,876 378  [main] INFO  d.f.i.i.f.settings.Settings - Not set persistence.slowQueryThreshold, using default value '200'.
2021-03-21 12:20:37,876 378  [main] INFO  d.f.i.i.f.settings.Settings - Not set persistence.queryTimeout, using default value '0'.
2021-03-21 12:20:37,876 378  [main] INFO  d.f.i.i.f.settings.Settings - Setting bus.busImplementationClass has value 'de.fraunhofer.iosb.ilt.sta.messagebus.MqttMessageBus'.
2021-03-21 12:20:37,877 379  [main] INFO  d.f.i.i.f.settings.Settings - Not set extension.customLinks.enable, using default value 'false'.
2021-03-21 12:20:37,878 380  [main] INFO  d.f.i.i.f.settings.Settings - Not set plugins.providedPlugins, using default value 'de.fraunhofer.iosb.ilt.frostserver.formatter.PluginResultFormatDefault,de.fraunhofer.iosb.ilt.frostserver.plugin.batchprocessing.PluginBatchProcessing,de.fraunhofer.iosb.ilt.frostserver.plugin.format.dataarray.PluginResultFormatDataArray,de.fraunhofer.iosb.ilt.frostserver.plugin.format.csv.PluginResultFormatCsv,de.fraunhofer.iosb.ilt.frostserver.plugin.format.geojson.PluginResultFormatGeoJson,de.fraunhofer.iosb.ilt.frostserver.plugin.openapi.PluginOpenApi'.
2021-03-21 12:20:37,880 382  [main] WARN  d.f.i.i.f.service.PluginManager - Could not load given plugin class: 'de.fraunhofer.iosb.ilt.frostserver.plugin.batchprocessing.PluginBatchProcessing'
2021-03-21 12:20:37,881 383  [main] WARN  d.f.i.i.f.service.PluginManager - Could not load given plugin class: 'de.fraunhofer.iosb.ilt.frostserver.plugin.format.dataarray.PluginResultFormatDataArray'
2021-03-21 12:20:37,881 383  [main] WARN  d.f.i.i.f.service.PluginManager - Could not load given plugin class: 'de.fraunhofer.iosb.ilt.frostserver.plugin.format.csv.PluginResultFormatCsv'
2021-03-21 12:20:37,881 383  [main] WARN  d.f.i.i.f.service.PluginManager - Could not load given plugin class: 'de.fraunhofer.iosb.ilt.frostserver.plugin.format.geojson.PluginResultFormatGeoJson'
2021-03-21 12:20:37,881 383  [main] WARN  d.f.i.i.f.service.PluginManager - Could not load given plugin class: 'de.fraunhofer.iosb.ilt.frostserver.plugin.openapi.PluginOpenApi'
2021-03-21 12:20:37,883 385  [main] INFO  d.f.i.i.f.settings.Settings - Not set plugins.plugins, using default value ''.
2021-03-21 12:20:38,335 837  [main] INFO  d.f.i.i.f.settings.Settings - Setting persistence.db.url has value '*****'.
2021-03-21 12:20:38,335 837  [main] INFO  d.f.i.i.f.p.p.utils.ConnectionUtils - Setting up BasicDataSource for database connections.
2021-03-21 12:20:38,335 837  [main] INFO  d.f.i.i.f.settings.Settings - Setting persistence.db.driver has value 'org.postgresql.Driver'.
2021-03-21 12:20:38,376 878  [main] INFO  d.f.i.i.f.settings.Settings - Setting persistence.db.url has value '*****'.
2021-03-21 12:20:38,376 878  [main] INFO  d.f.i.i.f.settings.Settings - Setting persistence.db.username has value 'sensorthings'.
2021-03-21 12:20:38,376 878  [main] INFO  d.f.i.i.f.settings.Settings - Setting persistence.db.password has value '*****'.
2021-03-21 12:20:38,376 878  [main] INFO  d.f.i.i.f.settings.Settings - Not set persistence.db.conn.idle.max, using default value '8'.
2021-03-21 12:20:38,376 878  [main] INFO  d.f.i.i.f.settings.Settings - Not set persistence.db.conn.max, using default value '8'.
2021-03-21 12:20:38,376 878  [main] INFO  d.f.i.i.f.settings.Settings - Not set persistence.db.conn.idle.min, using default value '0'.
2021-03-21 14:02:58,508 290  [main] INFO  main.MainMask - Read 32 properties from src/Mask.properties.
2021-03-21 14:02:58,529 311  [main] INFO  d.f.i.i.f.settings.Settings - Not set logSensitiveData, using default value 'false'.
2021-03-21 14:02:58,529 311  [main] INFO  d.f.i.i.f.settings.Settings - Setting tempPath has value 'C:\Users\dell\AppData\Local\Temp\'.
2021-03-21 14:02:58,531 313  [main] INFO  d.f.i.i.f.settings.Settings - Not set enableActuation, using default value 'false'.
2021-03-21 14:02:58,531 313  [main] INFO  d.f.i.i.f.settings.Settings - Not set enableMultiDatastream, using default value 'true'.
2021-03-21 14:02:58,531 313  [main] INFO  d.f.i.i.f.settings.Settings - Setting serviceRootUrl has value 'http://localhost:8080/FROST-Server'.
2021-03-21 14:02:58,531 313  [main] INFO  d.f.i.i.f.settings.Settings - Not set useAbsoluteNavigationLinks, using default value 'true'.
2021-03-21 14:02:58,531 313  [main] INFO  d.f.i.i.f.settings.Settings - Not set defaultCount, using default value 'true'.
2021-03-21 14:02:58,532 314  [main] INFO  d.f.i.i.f.settings.Settings - Not set defaultTop, using default value '100'.
2021-03-21 14:02:58,532 314  [main] INFO  d.f.i.i.f.settings.Settings - Not set maxTop, using default value '100'.
2021-03-21 14:02:58,532 314  [main] INFO  d.f.i.i.f.settings.Settings - Not set maxDataSize, using default value '25000000'.
2021-03-21 14:02:58,533 315  [main] INFO  d.f.i.i.f.settings.Settings - Setting mqtt.mqttServerImplementationClass has value 'de.fraunhofer.iosb.ilt.sensorthingsserver.mqtt.moquette.MoquetteMqttServer'.
2021-03-21 14:02:58,533 315  [main] INFO  d.f.i.i.f.settings.Settings - Setting mqtt.Enabled has value 'true'.
2021-03-21 14:02:58,533 315  [main] INFO  d.f.i.i.f.settings.Settings - Setting mqtt.Port has value '1883'.
2021-03-21 14:02:58,534 316  [main] INFO  d.f.i.i.f.settings.Settings - Setting mqtt.Host has value '0.0.0.0'.
2021-03-21 14:02:58,534 316  [main] INFO  d.f.i.i.f.settings.Settings - Setting mqtt.internalHost has value 'localhost'.
2021-03-21 14:02:58,534 316  [main] INFO  d.f.i.i.f.settings.Settings - Setting mqtt.SubscribeMessageQueueSize has value '100'.
2021-03-21 14:02:58,534 316  [main] INFO  d.f.i.i.f.settings.Settings - Setting mqtt.SubscribeThreadPoolSize has value '20'.
2021-03-21 14:02:58,534 316  [main] INFO  d.f.i.i.f.settings.Settings - Setting mqtt.CreateMessageQueueSize has value '100'.
2021-03-21 14:02:58,534 316  [main] INFO  d.f.i.i.f.settings.Settings - Setting mqtt.CreateThreadPoolSize has value '10'.
2021-03-21 14:02:58,534 316  [main] INFO  d.f.i.i.f.settings.Settings - Setting mqtt.QoS has value '1'.
2021-03-21 14:02:58,535 317  [main] INFO  d.f.i.i.f.settings.Settings - Setting persistence.persistenceManagerImplementationClass has value 'de.fraunhofer.iosb.ilt.sta.persistence.postgres.longid.PostgresPersistenceManagerString'.
2021-03-21 14:02:58,535 317  [main] INFO  d.f.i.i.f.settings.Settings - Setting persistence.alwaysOrderbyId has value 'false'.
2021-03-21 14:02:58,535 317  [main] INFO  d.f.i.i.f.settings.Settings - Not set persistence.idGenerationMode, using default value 'ServerGeneratedOnly'.
2021-03-21 14:02:58,535 317  [main] INFO  d.f.i.i.f.settings.Settings - Not set persistence.autoUpdateDatabase, using default value 'false'.
2021-03-21 14:02:58,536 318  [main] INFO  d.f.i.i.f.settings.Settings - Not set persistence.slowQueryThreshold, using default value '200'.
2021-03-21 14:02:58,536 318  [main] INFO  d.f.i.i.f.settings.Settings - Not set persistence.queryTimeout, using default value '0'.
2021-03-21 14:02:58,536 318  [main] INFO  d.f.i.i.f.settings.Settings - Setting bus.busImplementationClass has value 'de.fraunhofer.iosb.ilt.sta.messagebus.MqttMessageBus'.
2021-03-21 14:02:58,537 319  [main] INFO  d.f.i.i.f.settings.Settings - Not set extension.customLinks.enable, using default value 'false'.
2021-03-21 14:02:58,538 320  [main] INFO  d.f.i.i.f.settings.Settings - Not set plugins.providedPlugins, using default value 'de.fraunhofer.iosb.ilt.frostserver.formatter.PluginResultFormatDefault,de.fraunhofer.iosb.ilt.frostserver.plugin.batchprocessing.PluginBatchProcessing,de.fraunhofer.iosb.ilt.frostserver.plugin.format.dataarray.PluginResultFormatDataArray,de.fraunhofer.iosb.ilt.frostserver.plugin.format.csv.PluginResultFormatCsv,de.fraunhofer.iosb.ilt.frostserver.plugin.format.geojson.PluginResultFormatGeoJson,de.fraunhofer.iosb.ilt.frostserver.plugin.openapi.PluginOpenApi'.
2021-03-21 14:02:58,540 322  [main] WARN  d.f.i.i.f.service.PluginManager - Could not load given plugin class: 'de.fraunhofer.iosb.ilt.frostserver.plugin.batchprocessing.PluginBatchProcessing'
2021-03-21 14:02:58,540 322  [main] WARN  d.f.i.i.f.service.PluginManager - Could not load given plugin class: 'de.fraunhofer.iosb.ilt.frostserver.plugin.format.dataarray.PluginResultFormatDataArray'
2021-03-21 14:02:58,540 322  [main] WARN  d.f.i.i.f.service.PluginManager - Could not load given plugin class: 'de.fraunhofer.iosb.ilt.frostserver.plugin.format.csv.PluginResultFormatCsv'
2021-03-21 14:02:58,541 323  [main] WARN  d.f.i.i.f.service.PluginManager - Could not load given plugin class: 'de.fraunhofer.iosb.ilt.frostserver.plugin.format.geojson.PluginResultFormatGeoJson'
2021-03-21 14:02:58,541 323  [main] WARN  d.f.i.i.f.service.PluginManager - Could not load given plugin class: 'de.fraunhofer.iosb.ilt.frostserver.plugin.openapi.PluginOpenApi'
2021-03-21 14:02:58,544 326  [main] INFO  d.f.i.i.f.settings.Settings - Not set plugins.plugins, using default value ''.
2021-03-21 14:02:59,004 786  [main] INFO  d.f.i.i.f.settings.Settings - Setting persistence.db.url has value '*****'.
2021-03-21 14:02:59,004 786  [main] INFO  d.f.i.i.f.p.p.utils.ConnectionUtils - Setting up BasicDataSource for database connections.
2021-03-21 14:02:59,004 786  [main] INFO  d.f.i.i.f.settings.Settings - Setting persistence.db.driver has value 'org.postgresql.Driver'.
2021-03-21 14:02:59,050 832  [main] INFO  d.f.i.i.f.settings.Settings - Setting persistence.db.url has value '*****'.
2021-03-21 14:02:59,051 833  [main] INFO  d.f.i.i.f.settings.Settings - Setting persistence.db.username has value 'sensorthings'.
2021-03-21 14:02:59,051 833  [main] INFO  d.f.i.i.f.settings.Settings - Setting persistence.db.password has value '*****'.
2021-03-21 14:02:59,051 833  [main] INFO  d.f.i.i.f.settings.Settings - Not set persistence.db.conn.idle.max, using default value '8'.
2021-03-21 14:02:59,051 833  [main] INFO  d.f.i.i.f.settings.Settings - Not set persistence.db.conn.max, using default value '8'.
2021-03-21 14:02:59,051 833  [main] INFO  d.f.i.i.f.settings.Settings - Not set persistence.db.conn.idle.min, using default value '0'.
2021-03-21 14:02:59,660 1442 [main] INFO  org.jooq.Constants - 
                                      
@@@@@@@@@@@@@@@@@@@@@@@@@@@@@@@@@@@@@@
@@@@@@@@@@@@@@@@@@@@@@@@@@@@@@@@@@@@@@
@@@@@@@@@@@@@@@@  @@        @@@@@@@@@@
@@@@@@@@@@@@@@@@@@@@        @@@@@@@@@@
@@@@@@@@@@@@@@@@  @@  @@    @@@@@@@@@@
@@@@@@@@@@  @@@@  @@  @@    @@@@@@@@@@
@@@@@@@@@@        @@        @@@@@@@@@@
@@@@@@@@@@@@@@@@@@@@@@@@@@@@@@@@@@@@@@
@@@@@@@@@@@@@@@@@@@@@@@@@@@@@@@@@@@@@@
@@@@@@@@@@        @@        @@@@@@@@@@
@@@@@@@@@@    @@  @@  @@@@  @@@@@@@@@@
@@@@@@@@@@    @@  @@  @@@@  @@@@@@@@@@
@@@@@@@@@@        @@  @  @  @@@@@@@@@@
@@@@@@@@@@        @@        @@@@@@@@@@
@@@@@@@@@@@@@@@@@@@@@@@  @@@@@@@@@@@@@
@@@@@@@@@@@@@@@@@@@@@@@@@@@@@@@@@@@@@@
@@@@@@@@@@@@@@@@@@@@@@@@@@@@@@@@@@@@@@  Thank you for using jOOQ 3.14.8
                                      
2021-03-21 14:17:42,964 294  [main] INFO  main.MainMask - Read 32 properties from src/Mask.properties.
2021-03-21 14:17:42,988 318  [main] INFO  d.f.i.i.f.settings.Settings - Not set logSensitiveData, using default value 'false'.
2021-03-21 14:17:42,989 319  [main] INFO  d.f.i.i.f.settings.Settings - Setting tempPath has value 'C:\Users\dell\AppData\Local\Temp\'.
2021-03-21 14:17:42,990 320  [main] INFO  d.f.i.i.f.settings.Settings - Not set enableActuation, using default value 'false'.
2021-03-21 14:17:42,991 321  [main] INFO  d.f.i.i.f.settings.Settings - Not set enableMultiDatastream, using default value 'true'.
2021-03-21 14:17:42,991 321  [main] INFO  d.f.i.i.f.settings.Settings - Setting serviceRootUrl has value 'http://localhost:8080/FROST-Server'.
2021-03-21 14:17:42,991 321  [main] INFO  d.f.i.i.f.settings.Settings - Not set useAbsoluteNavigationLinks, using default value 'true'.
2021-03-21 14:17:42,991 321  [main] INFO  d.f.i.i.f.settings.Settings - Not set defaultCount, using default value 'true'.
2021-03-21 14:17:42,991 321  [main] INFO  d.f.i.i.f.settings.Settings - Not set defaultTop, using default value '100'.
2021-03-21 14:17:42,991 321  [main] INFO  d.f.i.i.f.settings.Settings - Not set maxTop, using default value '100'.
2021-03-21 14:17:42,992 322  [main] INFO  d.f.i.i.f.settings.Settings - Not set maxDataSize, using default value '25000000'.
2021-03-21 14:17:42,993 323  [main] INFO  d.f.i.i.f.settings.Settings - Setting mqtt.mqttServerImplementationClass has value 'de.fraunhofer.iosb.ilt.sensorthingsserver.mqtt.moquette.MoquetteMqttServer'.
2021-03-21 14:17:42,993 323  [main] INFO  d.f.i.i.f.settings.Settings - Setting mqtt.Enabled has value 'true'.
2021-03-21 14:17:42,993 323  [main] INFO  d.f.i.i.f.settings.Settings - Setting mqtt.Port has value '1883'.
2021-03-21 14:17:42,993 323  [main] INFO  d.f.i.i.f.settings.Settings - Setting mqtt.Host has value '0.0.0.0'.
2021-03-21 14:17:42,993 323  [main] INFO  d.f.i.i.f.settings.Settings - Setting mqtt.internalHost has value 'localhost'.
2021-03-21 14:17:42,993 323  [main] INFO  d.f.i.i.f.settings.Settings - Setting mqtt.SubscribeMessageQueueSize has value '100'.
2021-03-21 14:17:42,993 323  [main] INFO  d.f.i.i.f.settings.Settings - Setting mqtt.SubscribeThreadPoolSize has value '20'.
2021-03-21 14:17:42,994 324  [main] INFO  d.f.i.i.f.settings.Settings - Setting mqtt.CreateMessageQueueSize has value '100'.
2021-03-21 14:17:42,994 324  [main] INFO  d.f.i.i.f.settings.Settings - Setting mqtt.CreateThreadPoolSize has value '10'.
2021-03-21 14:17:42,994 324  [main] INFO  d.f.i.i.f.settings.Settings - Setting mqtt.QoS has value '1'.
2021-03-21 14:17:42,995 325  [main] INFO  d.f.i.i.f.settings.Settings - Setting persistence.persistenceManagerImplementationClass has value 'de.fraunhofer.iosb.ilt.sta.persistence.postgres.longid.PostgresPersistenceManagerString'.
2021-03-21 14:17:42,995 325  [main] INFO  d.f.i.i.f.settings.Settings - Setting persistence.alwaysOrderbyId has value 'false'.
2021-03-21 14:17:42,995 325  [main] INFO  d.f.i.i.f.settings.Settings - Not set persistence.idGenerationMode, using default value 'ServerGeneratedOnly'.
2021-03-21 14:17:42,995 325  [main] INFO  d.f.i.i.f.settings.Settings - Not set persistence.autoUpdateDatabase, using default value 'false'.
2021-03-21 14:17:42,995 325  [main] INFO  d.f.i.i.f.settings.Settings - Not set persistence.slowQueryThreshold, using default value '200'.
2021-03-21 14:17:42,996 326  [main] INFO  d.f.i.i.f.settings.Settings - Not set persistence.queryTimeout, using default value '0'.
2021-03-21 14:17:42,997 327  [main] INFO  d.f.i.i.f.settings.Settings - Setting bus.busImplementationClass has value 'de.fraunhofer.iosb.ilt.sta.messagebus.MqttMessageBus'.
2021-03-21 14:17:42,997 327  [main] INFO  d.f.i.i.f.settings.Settings - Not set extension.customLinks.enable, using default value 'false'.
2021-03-21 14:17:42,997 327  [main] INFO  d.f.i.i.f.settings.Settings - Not set plugins.providedPlugins, using default value 'de.fraunhofer.iosb.ilt.frostserver.formatter.PluginResultFormatDefault,de.fraunhofer.iosb.ilt.frostserver.plugin.batchprocessing.PluginBatchProcessing,de.fraunhofer.iosb.ilt.frostserver.plugin.format.dataarray.PluginResultFormatDataArray,de.fraunhofer.iosb.ilt.frostserver.plugin.format.csv.PluginResultFormatCsv,de.fraunhofer.iosb.ilt.frostserver.plugin.format.geojson.PluginResultFormatGeoJson,de.fraunhofer.iosb.ilt.frostserver.plugin.openapi.PluginOpenApi'.
2021-03-21 14:17:42,999 329  [main] WARN  d.f.i.i.f.service.PluginManager - Could not load given plugin class: 'de.fraunhofer.iosb.ilt.frostserver.plugin.batchprocessing.PluginBatchProcessing'
2021-03-21 14:17:43,000 330  [main] WARN  d.f.i.i.f.service.PluginManager - Could not load given plugin class: 'de.fraunhofer.iosb.ilt.frostserver.plugin.format.dataarray.PluginResultFormatDataArray'
2021-03-21 14:17:43,000 330  [main] WARN  d.f.i.i.f.service.PluginManager - Could not load given plugin class: 'de.fraunhofer.iosb.ilt.frostserver.plugin.format.csv.PluginResultFormatCsv'
2021-03-21 14:17:43,000 330  [main] WARN  d.f.i.i.f.service.PluginManager - Could not load given plugin class: 'de.fraunhofer.iosb.ilt.frostserver.plugin.format.geojson.PluginResultFormatGeoJson'
2021-03-21 14:17:43,000 330  [main] WARN  d.f.i.i.f.service.PluginManager - Could not load given plugin class: 'de.fraunhofer.iosb.ilt.frostserver.plugin.openapi.PluginOpenApi'
2021-03-21 14:17:43,002 332  [main] INFO  d.f.i.i.f.settings.Settings - Not set plugins.plugins, using default value ''.
2021-03-21 14:17:43,439 769  [main] INFO  d.f.i.i.f.settings.Settings - Setting persistence.db.url has value '*****'.
2021-03-21 14:17:43,440 770  [main] INFO  d.f.i.i.f.p.p.utils.ConnectionUtils - Setting up BasicDataSource for database connections.
2021-03-21 14:17:43,440 770  [main] INFO  d.f.i.i.f.settings.Settings - Setting persistence.db.driver has value 'org.postgresql.Driver'.
2021-03-21 14:17:43,479 809  [main] INFO  d.f.i.i.f.settings.Settings - Setting persistence.db.url has value '*****'.
2021-03-21 14:17:43,479 809  [main] INFO  d.f.i.i.f.settings.Settings - Setting persistence.db.username has value 'sensorthings'.
2021-03-21 14:17:43,479 809  [main] INFO  d.f.i.i.f.settings.Settings - Setting persistence.db.password has value '*****'.
2021-03-21 14:17:43,479 809  [main] INFO  d.f.i.i.f.settings.Settings - Not set persistence.db.conn.idle.max, using default value '8'.
2021-03-21 14:17:43,479 809  [main] INFO  d.f.i.i.f.settings.Settings - Not set persistence.db.conn.max, using default value '8'.
2021-03-21 14:17:43,479 809  [main] INFO  d.f.i.i.f.settings.Settings - Not set persistence.db.conn.idle.min, using default value '0'.
2021-03-21 14:18:27,200 279  [main] INFO  main.MainMask - Read 32 properties from src/Mask.properties.
2021-03-21 14:18:27,220 299  [main] INFO  d.f.i.i.f.settings.Settings - Not set logSensitiveData, using default value 'false'.
2021-03-21 14:18:27,220 299  [main] INFO  d.f.i.i.f.settings.Settings - Setting tempPath has value 'C:\Users\dell\AppData\Local\Temp\'.
2021-03-21 14:18:27,222 301  [main] INFO  d.f.i.i.f.settings.Settings - Not set enableActuation, using default value 'false'.
2021-03-21 14:18:27,222 301  [main] INFO  d.f.i.i.f.settings.Settings - Not set enableMultiDatastream, using default value 'true'.
2021-03-21 14:18:27,222 301  [main] INFO  d.f.i.i.f.settings.Settings - Setting serviceRootUrl has value 'http://localhost:8080/FROST-Server'.
2021-03-21 14:18:27,223 302  [main] INFO  d.f.i.i.f.settings.Settings - Not set useAbsoluteNavigationLinks, using default value 'true'.
2021-03-21 14:18:27,223 302  [main] INFO  d.f.i.i.f.settings.Settings - Not set defaultCount, using default value 'true'.
2021-03-21 14:18:27,223 302  [main] INFO  d.f.i.i.f.settings.Settings - Not set defaultTop, using default value '100'.
2021-03-21 14:18:27,223 302  [main] INFO  d.f.i.i.f.settings.Settings - Not set maxTop, using default value '100'.
2021-03-21 14:18:27,223 302  [main] INFO  d.f.i.i.f.settings.Settings - Not set maxDataSize, using default value '25000000'.
2021-03-21 14:18:27,224 303  [main] INFO  d.f.i.i.f.settings.Settings - Setting mqtt.mqttServerImplementationClass has value 'de.fraunhofer.iosb.ilt.sensorthingsserver.mqtt.moquette.MoquetteMqttServer'.
2021-03-21 14:18:27,224 303  [main] INFO  d.f.i.i.f.settings.Settings - Setting mqtt.Enabled has value 'true'.
2021-03-21 14:18:27,224 303  [main] INFO  d.f.i.i.f.settings.Settings - Setting mqtt.Port has value '1883'.
2021-03-21 14:18:27,224 303  [main] INFO  d.f.i.i.f.settings.Settings - Setting mqtt.Host has value '0.0.0.0'.
2021-03-21 14:18:27,225 304  [main] INFO  d.f.i.i.f.settings.Settings - Setting mqtt.internalHost has value 'localhost'.
2021-03-21 14:18:27,225 304  [main] INFO  d.f.i.i.f.settings.Settings - Setting mqtt.SubscribeMessageQueueSize has value '100'.
2021-03-21 14:18:27,225 304  [main] INFO  d.f.i.i.f.settings.Settings - Setting mqtt.SubscribeThreadPoolSize has value '20'.
2021-03-21 14:18:27,225 304  [main] INFO  d.f.i.i.f.settings.Settings - Setting mqtt.CreateMessageQueueSize has value '100'.
2021-03-21 14:18:27,225 304  [main] INFO  d.f.i.i.f.settings.Settings - Setting mqtt.CreateThreadPoolSize has value '10'.
2021-03-21 14:18:27,225 304  [main] INFO  d.f.i.i.f.settings.Settings - Setting mqtt.QoS has value '1'.
2021-03-21 14:18:27,226 305  [main] INFO  d.f.i.i.f.settings.Settings - Setting persistence.persistenceManagerImplementationClass has value 'de.fraunhofer.iosb.ilt.sta.persistence.postgres.longid.PostgresPersistenceManagerString'.
2021-03-21 14:18:27,226 305  [main] INFO  d.f.i.i.f.settings.Settings - Setting persistence.alwaysOrderbyId has value 'false'.
2021-03-21 14:18:27,226 305  [main] INFO  d.f.i.i.f.settings.Settings - Not set persistence.idGenerationMode, using default value 'ServerGeneratedOnly'.
2021-03-21 14:18:27,226 305  [main] INFO  d.f.i.i.f.settings.Settings - Not set persistence.autoUpdateDatabase, using default value 'false'.
2021-03-21 14:18:27,227 306  [main] INFO  d.f.i.i.f.settings.Settings - Not set persistence.slowQueryThreshold, using default value '200'.
2021-03-21 14:18:27,227 306  [main] INFO  d.f.i.i.f.settings.Settings - Not set persistence.queryTimeout, using default value '0'.
2021-03-21 14:18:27,227 306  [main] INFO  d.f.i.i.f.settings.Settings - Setting bus.busImplementationClass has value 'de.fraunhofer.iosb.ilt.sta.messagebus.MqttMessageBus'.
2021-03-21 14:18:27,228 307  [main] INFO  d.f.i.i.f.settings.Settings - Not set extension.customLinks.enable, using default value 'false'.
2021-03-21 14:18:27,228 307  [main] INFO  d.f.i.i.f.settings.Settings - Not set plugins.providedPlugins, using default value 'de.fraunhofer.iosb.ilt.frostserver.formatter.PluginResultFormatDefault,de.fraunhofer.iosb.ilt.frostserver.plugin.batchprocessing.PluginBatchProcessing,de.fraunhofer.iosb.ilt.frostserver.plugin.format.dataarray.PluginResultFormatDataArray,de.fraunhofer.iosb.ilt.frostserver.plugin.format.csv.PluginResultFormatCsv,de.fraunhofer.iosb.ilt.frostserver.plugin.format.geojson.PluginResultFormatGeoJson,de.fraunhofer.iosb.ilt.frostserver.plugin.openapi.PluginOpenApi'.
2021-03-21 14:18:27,230 309  [main] WARN  d.f.i.i.f.service.PluginManager - Could not load given plugin class: 'de.fraunhofer.iosb.ilt.frostserver.plugin.batchprocessing.PluginBatchProcessing'
2021-03-21 14:18:27,231 310  [main] WARN  d.f.i.i.f.service.PluginManager - Could not load given plugin class: 'de.fraunhofer.iosb.ilt.frostserver.plugin.format.dataarray.PluginResultFormatDataArray'
2021-03-21 14:18:27,231 310  [main] WARN  d.f.i.i.f.service.PluginManager - Could not load given plugin class: 'de.fraunhofer.iosb.ilt.frostserver.plugin.format.csv.PluginResultFormatCsv'
2021-03-21 14:18:27,231 310  [main] WARN  d.f.i.i.f.service.PluginManager - Could not load given plugin class: 'de.fraunhofer.iosb.ilt.frostserver.plugin.format.geojson.PluginResultFormatGeoJson'
2021-03-21 14:18:27,231 310  [main] WARN  d.f.i.i.f.service.PluginManager - Could not load given plugin class: 'de.fraunhofer.iosb.ilt.frostserver.plugin.openapi.PluginOpenApi'
2021-03-21 14:18:27,233 312  [main] INFO  d.f.i.i.f.settings.Settings - Not set plugins.plugins, using default value ''.
2021-03-21 14:18:27,721 800  [main] INFO  d.f.i.i.f.settings.Settings - Setting persistence.db.url has value '*****'.
2021-03-21 14:18:27,722 801  [main] INFO  d.f.i.i.f.p.p.utils.ConnectionUtils - Setting up BasicDataSource for database connections.
2021-03-21 14:18:27,722 801  [main] INFO  d.f.i.i.f.settings.Settings - Setting persistence.db.driver has value 'org.postgresql.Driver'.
2021-03-21 14:18:27,762 841  [main] INFO  d.f.i.i.f.settings.Settings - Setting persistence.db.url has value '*****'.
2021-03-21 14:18:27,762 841  [main] INFO  d.f.i.i.f.settings.Settings - Setting persistence.db.username has value 'sensorthings'.
2021-03-21 14:18:27,762 841  [main] INFO  d.f.i.i.f.settings.Settings - Setting persistence.db.password has value '*****'.
2021-03-21 14:18:27,762 841  [main] INFO  d.f.i.i.f.settings.Settings - Not set persistence.db.conn.idle.max, using default value '8'.
2021-03-21 14:18:27,762 841  [main] INFO  d.f.i.i.f.settings.Settings - Not set persistence.db.conn.max, using default value '8'.
2021-03-21 14:18:27,762 841  [main] INFO  d.f.i.i.f.settings.Settings - Not set persistence.db.conn.idle.min, using default value '0'.
2021-03-21 14:18:28,563 1642 [main] INFO  org.jooq.Constants - 
                                      
@@@@@@@@@@@@@@@@@@@@@@@@@@@@@@@@@@@@@@
@@@@@@@@@@@@@@@@@@@@@@@@@@@@@@@@@@@@@@
@@@@@@@@@@@@@@@@  @@        @@@@@@@@@@
@@@@@@@@@@@@@@@@@@@@        @@@@@@@@@@
@@@@@@@@@@@@@@@@  @@  @@    @@@@@@@@@@
@@@@@@@@@@  @@@@  @@  @@    @@@@@@@@@@
@@@@@@@@@@        @@        @@@@@@@@@@
@@@@@@@@@@@@@@@@@@@@@@@@@@@@@@@@@@@@@@
@@@@@@@@@@@@@@@@@@@@@@@@@@@@@@@@@@@@@@
@@@@@@@@@@        @@        @@@@@@@@@@
@@@@@@@@@@    @@  @@  @@@@  @@@@@@@@@@
@@@@@@@@@@    @@  @@  @@@@  @@@@@@@@@@
@@@@@@@@@@        @@  @  @  @@@@@@@@@@
@@@@@@@@@@        @@        @@@@@@@@@@
@@@@@@@@@@@@@@@@@@@@@@@  @@@@@@@@@@@@@
@@@@@@@@@@@@@@@@@@@@@@@@@@@@@@@@@@@@@@
@@@@@@@@@@@@@@@@@@@@@@@@@@@@@@@@@@@@@@  Thank you for using jOOQ 3.14.8
                                      
2021-03-21 16:46:41,206 407  [main] INFO  main.MainMask - Read 32 properties from src/Mask.properties.
2021-03-21 16:46:41,234 435  [main] INFO  d.f.i.i.f.settings.Settings - Not set logSensitiveData, using default value 'false'.
2021-03-21 16:46:41,235 436  [main] INFO  d.f.i.i.f.settings.Settings - Setting tempPath has value 'C:\Users\dell\AppData\Local\Temp\'.
2021-03-21 16:46:41,237 438  [main] INFO  d.f.i.i.f.settings.Settings - Not set enableActuation, using default value 'false'.
2021-03-21 16:46:41,237 438  [main] INFO  d.f.i.i.f.settings.Settings - Not set enableMultiDatastream, using default value 'true'.
2021-03-21 16:46:41,237 438  [main] INFO  d.f.i.i.f.settings.Settings - Setting serviceRootUrl has value 'http://localhost:8080/FROST-Server'.
2021-03-21 16:46:41,238 439  [main] INFO  d.f.i.i.f.settings.Settings - Not set useAbsoluteNavigationLinks, using default value 'true'.
2021-03-21 16:46:41,238 439  [main] INFO  d.f.i.i.f.settings.Settings - Not set defaultCount, using default value 'true'.
2021-03-21 16:46:41,238 439  [main] INFO  d.f.i.i.f.settings.Settings - Not set defaultTop, using default value '100'.
2021-03-21 16:46:41,238 439  [main] INFO  d.f.i.i.f.settings.Settings - Not set maxTop, using default value '100'.
2021-03-21 16:46:41,238 439  [main] INFO  d.f.i.i.f.settings.Settings - Not set maxDataSize, using default value '25000000'.
2021-03-21 16:46:41,240 441  [main] INFO  d.f.i.i.f.settings.Settings - Setting mqtt.mqttServerImplementationClass has value 'de.fraunhofer.iosb.ilt.sensorthingsserver.mqtt.moquette.MoquetteMqttServer'.
2021-03-21 16:46:41,240 441  [main] INFO  d.f.i.i.f.settings.Settings - Setting mqtt.Enabled has value 'true'.
2021-03-21 16:46:41,240 441  [main] INFO  d.f.i.i.f.settings.Settings - Setting mqtt.Port has value '1883'.
2021-03-21 16:46:41,240 441  [main] INFO  d.f.i.i.f.settings.Settings - Setting mqtt.Host has value '0.0.0.0'.
2021-03-21 16:46:41,240 441  [main] INFO  d.f.i.i.f.settings.Settings - Setting mqtt.internalHost has value 'localhost'.
2021-03-21 16:46:41,241 442  [main] INFO  d.f.i.i.f.settings.Settings - Setting mqtt.SubscribeMessageQueueSize has value '100'.
2021-03-21 16:46:41,241 442  [main] INFO  d.f.i.i.f.settings.Settings - Setting mqtt.SubscribeThreadPoolSize has value '20'.
2021-03-21 16:46:41,241 442  [main] INFO  d.f.i.i.f.settings.Settings - Setting mqtt.CreateMessageQueueSize has value '100'.
2021-03-21 16:46:41,241 442  [main] INFO  d.f.i.i.f.settings.Settings - Setting mqtt.CreateThreadPoolSize has value '10'.
2021-03-21 16:46:41,241 442  [main] INFO  d.f.i.i.f.settings.Settings - Setting mqtt.QoS has value '1'.
2021-03-21 16:46:41,242 443  [main] INFO  d.f.i.i.f.settings.Settings - Setting persistence.persistenceManagerImplementationClass has value 'de.fraunhofer.iosb.ilt.sta.persistence.postgres.longid.PostgresPersistenceManagerString'.
2021-03-21 16:46:41,242 443  [main] INFO  d.f.i.i.f.settings.Settings - Setting persistence.alwaysOrderbyId has value 'false'.
2021-03-21 16:46:41,243 444  [main] INFO  d.f.i.i.f.settings.Settings - Not set persistence.idGenerationMode, using default value 'ServerGeneratedOnly'.
2021-03-21 16:46:41,243 444  [main] INFO  d.f.i.i.f.settings.Settings - Not set persistence.autoUpdateDatabase, using default value 'false'.
2021-03-21 16:46:41,243 444  [main] INFO  d.f.i.i.f.settings.Settings - Not set persistence.slowQueryThreshold, using default value '200'.
2021-03-21 16:46:41,243 444  [main] INFO  d.f.i.i.f.settings.Settings - Not set persistence.queryTimeout, using default value '0'.
2021-03-21 16:46:41,244 445  [main] INFO  d.f.i.i.f.settings.Settings - Setting bus.busImplementationClass has value 'de.fraunhofer.iosb.ilt.sta.messagebus.MqttMessageBus'.
2021-03-21 16:46:41,245 446  [main] INFO  d.f.i.i.f.settings.Settings - Not set extension.customLinks.enable, using default value 'false'.
2021-03-21 16:46:41,246 447  [main] INFO  d.f.i.i.f.settings.Settings - Not set plugins.providedPlugins, using default value 'de.fraunhofer.iosb.ilt.frostserver.formatter.PluginResultFormatDefault,de.fraunhofer.iosb.ilt.frostserver.plugin.batchprocessing.PluginBatchProcessing,de.fraunhofer.iosb.ilt.frostserver.plugin.format.dataarray.PluginResultFormatDataArray,de.fraunhofer.iosb.ilt.frostserver.plugin.format.csv.PluginResultFormatCsv,de.fraunhofer.iosb.ilt.frostserver.plugin.format.geojson.PluginResultFormatGeoJson,de.fraunhofer.iosb.ilt.frostserver.plugin.openapi.PluginOpenApi'.
2021-03-21 16:46:41,248 449  [main] WARN  d.f.i.i.f.service.PluginManager - Could not load given plugin class: 'de.fraunhofer.iosb.ilt.frostserver.plugin.batchprocessing.PluginBatchProcessing'
2021-03-21 16:46:41,248 449  [main] WARN  d.f.i.i.f.service.PluginManager - Could not load given plugin class: 'de.fraunhofer.iosb.ilt.frostserver.plugin.format.dataarray.PluginResultFormatDataArray'
2021-03-21 16:46:41,248 449  [main] WARN  d.f.i.i.f.service.PluginManager - Could not load given plugin class: 'de.fraunhofer.iosb.ilt.frostserver.plugin.format.csv.PluginResultFormatCsv'
2021-03-21 16:46:41,248 449  [main] WARN  d.f.i.i.f.service.PluginManager - Could not load given plugin class: 'de.fraunhofer.iosb.ilt.frostserver.plugin.format.geojson.PluginResultFormatGeoJson'
2021-03-21 16:46:41,249 450  [main] WARN  d.f.i.i.f.service.PluginManager - Could not load given plugin class: 'de.fraunhofer.iosb.ilt.frostserver.plugin.openapi.PluginOpenApi'
2021-03-21 16:46:41,252 453  [main] INFO  d.f.i.i.f.settings.Settings - Not set plugins.plugins, using default value ''.
2021-03-21 16:46:41,733 934  [main] INFO  d.f.i.i.f.settings.Settings - Setting persistence.db.url has value '*****'.
2021-03-21 16:46:41,733 934  [main] INFO  d.f.i.i.f.p.p.utils.ConnectionUtils - Setting up BasicDataSource for database connections.
2021-03-21 16:46:41,733 934  [main] INFO  d.f.i.i.f.settings.Settings - Setting persistence.db.driver has value 'org.postgresql.Driver'.
2021-03-21 16:46:41,772 973  [main] INFO  d.f.i.i.f.settings.Settings - Setting persistence.db.url has value '*****'.
2021-03-21 16:46:41,773 974  [main] INFO  d.f.i.i.f.settings.Settings - Setting persistence.db.username has value 'sensorthings'.
2021-03-21 16:46:41,773 974  [main] INFO  d.f.i.i.f.settings.Settings - Setting persistence.db.password has value '*****'.
2021-03-21 16:46:41,773 974  [main] INFO  d.f.i.i.f.settings.Settings - Not set persistence.db.conn.idle.max, using default value '8'.
2021-03-21 16:46:41,773 974  [main] INFO  d.f.i.i.f.settings.Settings - Not set persistence.db.conn.max, using default value '8'.
2021-03-21 16:46:41,773 974  [main] INFO  d.f.i.i.f.settings.Settings - Not set persistence.db.conn.idle.min, using default value '0'.
2021-03-21 16:46:42,540 1741 [main] INFO  org.jooq.Constants - 
                                      
@@@@@@@@@@@@@@@@@@@@@@@@@@@@@@@@@@@@@@
@@@@@@@@@@@@@@@@@@@@@@@@@@@@@@@@@@@@@@
@@@@@@@@@@@@@@@@  @@        @@@@@@@@@@
@@@@@@@@@@@@@@@@@@@@        @@@@@@@@@@
@@@@@@@@@@@@@@@@  @@  @@    @@@@@@@@@@
@@@@@@@@@@  @@@@  @@  @@    @@@@@@@@@@
@@@@@@@@@@        @@        @@@@@@@@@@
@@@@@@@@@@@@@@@@@@@@@@@@@@@@@@@@@@@@@@
@@@@@@@@@@@@@@@@@@@@@@@@@@@@@@@@@@@@@@
@@@@@@@@@@        @@        @@@@@@@@@@
@@@@@@@@@@    @@  @@  @@@@  @@@@@@@@@@
@@@@@@@@@@    @@  @@  @@@@  @@@@@@@@@@
@@@@@@@@@@        @@  @  @  @@@@@@@@@@
@@@@@@@@@@        @@        @@@@@@@@@@
@@@@@@@@@@@@@@@@@@@@@@@  @@@@@@@@@@@@@
@@@@@@@@@@@@@@@@@@@@@@@@@@@@@@@@@@@@@@
@@@@@@@@@@@@@@@@@@@@@@@@@@@@@@@@@@@@@@  Thank you for using jOOQ 3.14.8
                                      
2021-03-21 19:35:13,376 364  [main] INFO  main.MainMask - Read 32 properties from src/Mask.properties.
2021-03-21 19:35:13,395 383  [main] INFO  d.f.i.i.f.settings.Settings - Not set logSensitiveData, using default value 'false'.
2021-03-21 19:35:13,395 383  [main] INFO  d.f.i.i.f.settings.Settings - Setting tempPath has value 'C:\Users\dell\AppData\Local\Temp\'.
2021-03-21 19:35:13,397 385  [main] INFO  d.f.i.i.f.settings.Settings - Not set enableActuation, using default value 'false'.
2021-03-21 19:35:13,397 385  [main] INFO  d.f.i.i.f.settings.Settings - Not set enableMultiDatastream, using default value 'true'.
2021-03-21 19:35:13,397 385  [main] INFO  d.f.i.i.f.settings.Settings - Setting serviceRootUrl has value 'http://localhost:8080/FROST-Server'.
2021-03-21 19:35:13,397 385  [main] INFO  d.f.i.i.f.settings.Settings - Not set useAbsoluteNavigationLinks, using default value 'true'.
2021-03-21 19:35:13,397 385  [main] INFO  d.f.i.i.f.settings.Settings - Not set defaultCount, using default value 'true'.
2021-03-21 19:35:13,397 385  [main] INFO  d.f.i.i.f.settings.Settings - Not set defaultTop, using default value '100'.
2021-03-21 19:35:13,398 386  [main] INFO  d.f.i.i.f.settings.Settings - Not set maxTop, using default value '100'.
2021-03-21 19:35:13,398 386  [main] INFO  d.f.i.i.f.settings.Settings - Not set maxDataSize, using default value '25000000'.
2021-03-21 19:35:13,399 387  [main] INFO  d.f.i.i.f.settings.Settings - Setting mqtt.mqttServerImplementationClass has value 'de.fraunhofer.iosb.ilt.sensorthingsserver.mqtt.moquette.MoquetteMqttServer'.
2021-03-21 19:35:13,399 387  [main] INFO  d.f.i.i.f.settings.Settings - Setting mqtt.Enabled has value 'true'.
2021-03-21 19:35:13,399 387  [main] INFO  d.f.i.i.f.settings.Settings - Setting mqtt.Port has value '1883'.
2021-03-21 19:35:13,399 387  [main] INFO  d.f.i.i.f.settings.Settings - Setting mqtt.Host has value '0.0.0.0'.
2021-03-21 19:35:13,399 387  [main] INFO  d.f.i.i.f.settings.Settings - Setting mqtt.internalHost has value 'localhost'.
2021-03-21 19:35:13,399 387  [main] INFO  d.f.i.i.f.settings.Settings - Setting mqtt.SubscribeMessageQueueSize has value '100'.
2021-03-21 19:35:13,399 387  [main] INFO  d.f.i.i.f.settings.Settings - Setting mqtt.SubscribeThreadPoolSize has value '20'.
2021-03-21 19:35:13,399 387  [main] INFO  d.f.i.i.f.settings.Settings - Setting mqtt.CreateMessageQueueSize has value '100'.
2021-03-21 19:35:13,400 388  [main] INFO  d.f.i.i.f.settings.Settings - Setting mqtt.CreateThreadPoolSize has value '10'.
2021-03-21 19:35:13,400 388  [main] INFO  d.f.i.i.f.settings.Settings - Setting mqtt.QoS has value '1'.
2021-03-21 19:35:13,400 388  [main] INFO  d.f.i.i.f.settings.Settings - Setting persistence.persistenceManagerImplementationClass has value 'de.fraunhofer.iosb.ilt.sta.persistence.postgres.longid.PostgresPersistenceManagerString'.
2021-03-21 19:35:13,400 388  [main] INFO  d.f.i.i.f.settings.Settings - Setting persistence.alwaysOrderbyId has value 'false'.
2021-03-21 19:35:13,401 389  [main] INFO  d.f.i.i.f.settings.Settings - Not set persistence.idGenerationMode, using default value 'ServerGeneratedOnly'.
2021-03-21 19:35:13,401 389  [main] INFO  d.f.i.i.f.settings.Settings - Not set persistence.autoUpdateDatabase, using default value 'false'.
2021-03-21 19:35:13,402 390  [main] INFO  d.f.i.i.f.settings.Settings - Not set persistence.slowQueryThreshold, using default value '200'.
2021-03-21 19:35:13,402 390  [main] INFO  d.f.i.i.f.settings.Settings - Not set persistence.queryTimeout, using default value '0'.
2021-03-21 19:35:13,403 391  [main] INFO  d.f.i.i.f.settings.Settings - Setting bus.busImplementationClass has value 'de.fraunhofer.iosb.ilt.sta.messagebus.MqttMessageBus'.
2021-03-21 19:35:13,405 393  [main] INFO  d.f.i.i.f.settings.Settings - Not set extension.customLinks.enable, using default value 'false'.
2021-03-21 19:35:13,405 393  [main] INFO  d.f.i.i.f.settings.Settings - Not set plugins.providedPlugins, using default value 'de.fraunhofer.iosb.ilt.frostserver.formatter.PluginResultFormatDefault,de.fraunhofer.iosb.ilt.frostserver.plugin.batchprocessing.PluginBatchProcessing,de.fraunhofer.iosb.ilt.frostserver.plugin.format.dataarray.PluginResultFormatDataArray,de.fraunhofer.iosb.ilt.frostserver.plugin.format.csv.PluginResultFormatCsv,de.fraunhofer.iosb.ilt.frostserver.plugin.format.geojson.PluginResultFormatGeoJson,de.fraunhofer.iosb.ilt.frostserver.plugin.openapi.PluginOpenApi'.
2021-03-21 19:35:13,407 395  [main] WARN  d.f.i.i.f.service.PluginManager - Could not load given plugin class: 'de.fraunhofer.iosb.ilt.frostserver.plugin.batchprocessing.PluginBatchProcessing'
2021-03-21 19:35:13,408 396  [main] WARN  d.f.i.i.f.service.PluginManager - Could not load given plugin class: 'de.fraunhofer.iosb.ilt.frostserver.plugin.format.dataarray.PluginResultFormatDataArray'
2021-03-21 19:35:13,408 396  [main] WARN  d.f.i.i.f.service.PluginManager - Could not load given plugin class: 'de.fraunhofer.iosb.ilt.frostserver.plugin.format.csv.PluginResultFormatCsv'
2021-03-21 19:35:13,409 397  [main] WARN  d.f.i.i.f.service.PluginManager - Could not load given plugin class: 'de.fraunhofer.iosb.ilt.frostserver.plugin.format.geojson.PluginResultFormatGeoJson'
2021-03-21 19:35:13,409 397  [main] WARN  d.f.i.i.f.service.PluginManager - Could not load given plugin class: 'de.fraunhofer.iosb.ilt.frostserver.plugin.openapi.PluginOpenApi'
2021-03-21 19:35:13,412 400  [main] INFO  d.f.i.i.f.settings.Settings - Not set plugins.plugins, using default value ''.
2021-03-21 19:38:44,349 366  [main] INFO  main.MainMask - Read 32 properties from src/Mask.properties.
2021-03-21 19:38:44,376 393  [main] INFO  d.f.i.i.f.settings.Settings - Not set logSensitiveData, using default value 'false'.
2021-03-21 19:38:44,376 393  [main] INFO  d.f.i.i.f.settings.Settings - Setting tempPath has value 'C:\Users\dell\AppData\Local\Temp\'.
2021-03-21 19:38:44,378 395  [main] INFO  d.f.i.i.f.settings.Settings - Not set enableActuation, using default value 'false'.
2021-03-21 19:38:44,379 396  [main] INFO  d.f.i.i.f.settings.Settings - Not set enableMultiDatastream, using default value 'true'.
2021-03-21 19:38:44,379 396  [main] INFO  d.f.i.i.f.settings.Settings - Setting serviceRootUrl has value 'http://localhost:8080/FROST-Server'.
2021-03-21 19:38:44,379 396  [main] INFO  d.f.i.i.f.settings.Settings - Not set useAbsoluteNavigationLinks, using default value 'true'.
2021-03-21 19:38:44,379 396  [main] INFO  d.f.i.i.f.settings.Settings - Not set defaultCount, using default value 'true'.
2021-03-21 19:38:44,379 396  [main] INFO  d.f.i.i.f.settings.Settings - Not set defaultTop, using default value '100'.
2021-03-21 19:38:44,379 396  [main] INFO  d.f.i.i.f.settings.Settings - Not set maxTop, using default value '100'.
2021-03-21 19:38:44,380 397  [main] INFO  d.f.i.i.f.settings.Settings - Not set maxDataSize, using default value '25000000'.
2021-03-21 19:38:44,381 398  [main] INFO  d.f.i.i.f.settings.Settings - Setting mqtt.mqttServerImplementationClass has value 'de.fraunhofer.iosb.ilt.sensorthingsserver.mqtt.moquette.MoquetteMqttServer'.
2021-03-21 19:38:44,381 398  [main] INFO  d.f.i.i.f.settings.Settings - Setting mqtt.Enabled has value 'true'.
2021-03-21 19:38:44,381 398  [main] INFO  d.f.i.i.f.settings.Settings - Setting mqtt.Port has value '1883'.
2021-03-21 19:38:44,382 399  [main] INFO  d.f.i.i.f.settings.Settings - Setting mqtt.Host has value '0.0.0.0'.
2021-03-21 19:38:44,382 399  [main] INFO  d.f.i.i.f.settings.Settings - Setting mqtt.internalHost has value 'localhost'.
2021-03-21 19:38:44,382 399  [main] INFO  d.f.i.i.f.settings.Settings - Setting mqtt.SubscribeMessageQueueSize has value '100'.
2021-03-21 19:38:44,382 399  [main] INFO  d.f.i.i.f.settings.Settings - Setting mqtt.SubscribeThreadPoolSize has value '20'.
2021-03-21 19:38:44,382 399  [main] INFO  d.f.i.i.f.settings.Settings - Setting mqtt.CreateMessageQueueSize has value '100'.
2021-03-21 19:38:44,382 399  [main] INFO  d.f.i.i.f.settings.Settings - Setting mqtt.CreateThreadPoolSize has value '10'.
2021-03-21 19:38:44,382 399  [main] INFO  d.f.i.i.f.settings.Settings - Setting mqtt.QoS has value '1'.
2021-03-21 19:38:44,383 400  [main] INFO  d.f.i.i.f.settings.Settings - Setting persistence.persistenceManagerImplementationClass has value 'de.fraunhofer.iosb.ilt.sta.persistence.postgres.longid.PostgresPersistenceManagerString'.
2021-03-21 19:38:44,383 400  [main] INFO  d.f.i.i.f.settings.Settings - Setting persistence.alwaysOrderbyId has value 'false'.
2021-03-21 19:38:44,384 401  [main] INFO  d.f.i.i.f.settings.Settings - Not set persistence.idGenerationMode, using default value 'ServerGeneratedOnly'.
2021-03-21 19:38:44,384 401  [main] INFO  d.f.i.i.f.settings.Settings - Not set persistence.autoUpdateDatabase, using default value 'false'.
2021-03-21 19:38:44,384 401  [main] INFO  d.f.i.i.f.settings.Settings - Not set persistence.slowQueryThreshold, using default value '200'.
2021-03-21 19:38:44,384 401  [main] INFO  d.f.i.i.f.settings.Settings - Not set persistence.queryTimeout, using default value '0'.
2021-03-21 19:38:44,385 402  [main] INFO  d.f.i.i.f.settings.Settings - Setting bus.busImplementationClass has value 'de.fraunhofer.iosb.ilt.sta.messagebus.MqttMessageBus'.
2021-03-21 19:38:44,386 403  [main] INFO  d.f.i.i.f.settings.Settings - Not set extension.customLinks.enable, using default value 'false'.
2021-03-21 19:38:44,387 404  [main] INFO  d.f.i.i.f.settings.Settings - Not set plugins.providedPlugins, using default value 'de.fraunhofer.iosb.ilt.frostserver.formatter.PluginResultFormatDefault,de.fraunhofer.iosb.ilt.frostserver.plugin.batchprocessing.PluginBatchProcessing,de.fraunhofer.iosb.ilt.frostserver.plugin.format.dataarray.PluginResultFormatDataArray,de.fraunhofer.iosb.ilt.frostserver.plugin.format.csv.PluginResultFormatCsv,de.fraunhofer.iosb.ilt.frostserver.plugin.format.geojson.PluginResultFormatGeoJson,de.fraunhofer.iosb.ilt.frostserver.plugin.openapi.PluginOpenApi'.
2021-03-21 19:38:44,389 406  [main] WARN  d.f.i.i.f.service.PluginManager - Could not load given plugin class: 'de.fraunhofer.iosb.ilt.frostserver.plugin.batchprocessing.PluginBatchProcessing'
2021-03-21 19:38:44,390 407  [main] WARN  d.f.i.i.f.service.PluginManager - Could not load given plugin class: 'de.fraunhofer.iosb.ilt.frostserver.plugin.format.dataarray.PluginResultFormatDataArray'
2021-03-21 19:38:44,390 407  [main] WARN  d.f.i.i.f.service.PluginManager - Could not load given plugin class: 'de.fraunhofer.iosb.ilt.frostserver.plugin.format.csv.PluginResultFormatCsv'
2021-03-21 19:38:44,391 408  [main] WARN  d.f.i.i.f.service.PluginManager - Could not load given plugin class: 'de.fraunhofer.iosb.ilt.frostserver.plugin.format.geojson.PluginResultFormatGeoJson'
2021-03-21 19:38:44,392 409  [main] WARN  d.f.i.i.f.service.PluginManager - Could not load given plugin class: 'de.fraunhofer.iosb.ilt.frostserver.plugin.openapi.PluginOpenApi'
2021-03-21 19:38:44,393 410  [main] INFO  d.f.i.i.f.settings.Settings - Not set plugins.plugins, using default value ''.
2021-03-21 19:40:11,887 318  [main] INFO  main.MainMask - Read 32 properties from src/Mask.properties.
2021-03-21 19:40:11,916 347  [main] INFO  d.f.i.i.f.settings.Settings - Not set logSensitiveData, using default value 'false'.
2021-03-21 19:40:11,916 347  [main] INFO  d.f.i.i.f.settings.Settings - Setting tempPath has value 'C:\Users\dell\AppData\Local\Temp\'.
2021-03-21 19:40:11,918 349  [main] INFO  d.f.i.i.f.settings.Settings - Not set enableActuation, using default value 'false'.
2021-03-21 19:40:11,918 349  [main] INFO  d.f.i.i.f.settings.Settings - Not set enableMultiDatastream, using default value 'true'.
2021-03-21 19:40:11,918 349  [main] INFO  d.f.i.i.f.settings.Settings - Setting serviceRootUrl has value 'http://localhost:8080/FROST-Server'.
2021-03-21 19:40:11,918 349  [main] INFO  d.f.i.i.f.settings.Settings - Not set useAbsoluteNavigationLinks, using default value 'true'.
2021-03-21 19:40:11,919 350  [main] INFO  d.f.i.i.f.settings.Settings - Not set defaultCount, using default value 'true'.
2021-03-21 19:40:11,919 350  [main] INFO  d.f.i.i.f.settings.Settings - Not set defaultTop, using default value '100'.
2021-03-21 19:40:11,919 350  [main] INFO  d.f.i.i.f.settings.Settings - Not set maxTop, using default value '100'.
2021-03-21 19:40:11,919 350  [main] INFO  d.f.i.i.f.settings.Settings - Not set maxDataSize, using default value '25000000'.
2021-03-21 19:40:11,920 351  [main] INFO  d.f.i.i.f.settings.Settings - Setting mqtt.mqttServerImplementationClass has value 'de.fraunhofer.iosb.ilt.sensorthingsserver.mqtt.moquette.MoquetteMqttServer'.
2021-03-21 19:40:11,921 352  [main] INFO  d.f.i.i.f.settings.Settings - Setting mqtt.Enabled has value 'true'.
2021-03-21 19:40:11,921 352  [main] INFO  d.f.i.i.f.settings.Settings - Setting mqtt.Port has value '1883'.
2021-03-21 19:40:11,921 352  [main] INFO  d.f.i.i.f.settings.Settings - Setting mqtt.Host has value '0.0.0.0'.
2021-03-21 19:40:11,921 352  [main] INFO  d.f.i.i.f.settings.Settings - Setting mqtt.internalHost has value 'localhost'.
2021-03-21 19:40:11,921 352  [main] INFO  d.f.i.i.f.settings.Settings - Setting mqtt.SubscribeMessageQueueSize has value '100'.
2021-03-21 19:40:11,921 352  [main] INFO  d.f.i.i.f.settings.Settings - Setting mqtt.SubscribeThreadPoolSize has value '20'.
2021-03-21 19:40:11,921 352  [main] INFO  d.f.i.i.f.settings.Settings - Setting mqtt.CreateMessageQueueSize has value '100'.
2021-03-21 19:40:11,921 352  [main] INFO  d.f.i.i.f.settings.Settings - Setting mqtt.CreateThreadPoolSize has value '10'.
2021-03-21 19:40:11,922 353  [main] INFO  d.f.i.i.f.settings.Settings - Setting mqtt.QoS has value '1'.
2021-03-21 19:40:11,923 354  [main] INFO  d.f.i.i.f.settings.Settings - Setting persistence.persistenceManagerImplementationClass has value 'de.fraunhofer.iosb.ilt.sta.persistence.postgres.longid.PostgresPersistenceManagerString'.
2021-03-21 19:40:11,924 355  [main] INFO  d.f.i.i.f.settings.Settings - Setting persistence.alwaysOrderbyId has value 'false'.
2021-03-21 19:40:11,924 355  [main] INFO  d.f.i.i.f.settings.Settings - Not set persistence.idGenerationMode, using default value 'ServerGeneratedOnly'.
2021-03-21 19:40:11,924 355  [main] INFO  d.f.i.i.f.settings.Settings - Not set persistence.autoUpdateDatabase, using default value 'false'.
2021-03-21 19:40:11,925 356  [main] INFO  d.f.i.i.f.settings.Settings - Not set persistence.slowQueryThreshold, using default value '200'.
2021-03-21 19:40:11,925 356  [main] INFO  d.f.i.i.f.settings.Settings - Not set persistence.queryTimeout, using default value '0'.
2021-03-21 19:40:11,926 357  [main] INFO  d.f.i.i.f.settings.Settings - Setting bus.busImplementationClass has value 'de.fraunhofer.iosb.ilt.sta.messagebus.MqttMessageBus'.
2021-03-21 19:40:11,927 358  [main] INFO  d.f.i.i.f.settings.Settings - Not set extension.customLinks.enable, using default value 'false'.
2021-03-21 19:40:11,928 359  [main] INFO  d.f.i.i.f.settings.Settings - Not set plugins.providedPlugins, using default value 'de.fraunhofer.iosb.ilt.frostserver.formatter.PluginResultFormatDefault,de.fraunhofer.iosb.ilt.frostserver.plugin.batchprocessing.PluginBatchProcessing,de.fraunhofer.iosb.ilt.frostserver.plugin.format.dataarray.PluginResultFormatDataArray,de.fraunhofer.iosb.ilt.frostserver.plugin.format.csv.PluginResultFormatCsv,de.fraunhofer.iosb.ilt.frostserver.plugin.format.geojson.PluginResultFormatGeoJson,de.fraunhofer.iosb.ilt.frostserver.plugin.openapi.PluginOpenApi'.
2021-03-21 19:40:11,933 364  [main] WARN  d.f.i.i.f.service.PluginManager - Could not load given plugin class: 'de.fraunhofer.iosb.ilt.frostserver.plugin.batchprocessing.PluginBatchProcessing'
2021-03-21 19:40:11,933 364  [main] WARN  d.f.i.i.f.service.PluginManager - Could not load given plugin class: 'de.fraunhofer.iosb.ilt.frostserver.plugin.format.dataarray.PluginResultFormatDataArray'
2021-03-21 19:40:11,933 364  [main] WARN  d.f.i.i.f.service.PluginManager - Could not load given plugin class: 'de.fraunhofer.iosb.ilt.frostserver.plugin.format.csv.PluginResultFormatCsv'
2021-03-21 19:40:11,933 364  [main] WARN  d.f.i.i.f.service.PluginManager - Could not load given plugin class: 'de.fraunhofer.iosb.ilt.frostserver.plugin.format.geojson.PluginResultFormatGeoJson'
2021-03-21 19:40:11,934 365  [main] WARN  d.f.i.i.f.service.PluginManager - Could not load given plugin class: 'de.fraunhofer.iosb.ilt.frostserver.plugin.openapi.PluginOpenApi'
2021-03-21 19:40:11,935 366  [main] INFO  d.f.i.i.f.settings.Settings - Not set plugins.plugins, using default value ''.
2021-03-21 19:44:52,760 323  [main] INFO  main.MainMask - Read 32 properties from src/Mask.properties.
2021-03-21 19:44:52,786 349  [main] INFO  d.f.i.i.f.settings.Settings - Not set logSensitiveData, using default value 'false'.
2021-03-21 19:44:52,787 350  [main] INFO  d.f.i.i.f.settings.Settings - Setting tempPath has value 'C:\Users\dell\AppData\Local\Temp\'.
2021-03-21 19:44:52,789 352  [main] INFO  d.f.i.i.f.settings.Settings - Not set enableActuation, using default value 'false'.
2021-03-21 19:44:52,789 352  [main] INFO  d.f.i.i.f.settings.Settings - Not set enableMultiDatastream, using default value 'true'.
2021-03-21 19:44:52,789 352  [main] INFO  d.f.i.i.f.settings.Settings - Setting serviceRootUrl has value 'http://localhost:8080/FROST-Server'.
2021-03-21 19:44:52,789 352  [main] INFO  d.f.i.i.f.settings.Settings - Not set useAbsoluteNavigationLinks, using default value 'true'.
2021-03-21 19:44:52,789 352  [main] INFO  d.f.i.i.f.settings.Settings - Not set defaultCount, using default value 'true'.
2021-03-21 19:44:52,789 352  [main] INFO  d.f.i.i.f.settings.Settings - Not set defaultTop, using default value '100'.
2021-03-21 19:44:52,789 352  [main] INFO  d.f.i.i.f.settings.Settings - Not set maxTop, using default value '100'.
2021-03-21 19:44:52,790 353  [main] INFO  d.f.i.i.f.settings.Settings - Not set maxDataSize, using default value '25000000'.
2021-03-21 19:44:52,791 354  [main] INFO  d.f.i.i.f.settings.Settings - Setting mqtt.mqttServerImplementationClass has value 'de.fraunhofer.iosb.ilt.sensorthingsserver.mqtt.moquette.MoquetteMqttServer'.
2021-03-21 19:44:52,791 354  [main] INFO  d.f.i.i.f.settings.Settings - Setting mqtt.Enabled has value 'true'.
2021-03-21 19:44:52,791 354  [main] INFO  d.f.i.i.f.settings.Settings - Setting mqtt.Port has value '1883'.
2021-03-21 19:44:52,791 354  [main] INFO  d.f.i.i.f.settings.Settings - Setting mqtt.Host has value '0.0.0.0'.
2021-03-21 19:44:52,791 354  [main] INFO  d.f.i.i.f.settings.Settings - Setting mqtt.internalHost has value 'localhost'.
2021-03-21 19:44:52,791 354  [main] INFO  d.f.i.i.f.settings.Settings - Setting mqtt.SubscribeMessageQueueSize has value '100'.
2021-03-21 19:44:52,792 355  [main] INFO  d.f.i.i.f.settings.Settings - Setting mqtt.SubscribeThreadPoolSize has value '20'.
2021-03-21 19:44:52,792 355  [main] INFO  d.f.i.i.f.settings.Settings - Setting mqtt.CreateMessageQueueSize has value '100'.
2021-03-21 19:44:52,792 355  [main] INFO  d.f.i.i.f.settings.Settings - Setting mqtt.CreateThreadPoolSize has value '10'.
2021-03-21 19:44:52,792 355  [main] INFO  d.f.i.i.f.settings.Settings - Setting mqtt.QoS has value '1'.
2021-03-21 19:44:52,793 356  [main] INFO  d.f.i.i.f.settings.Settings - Setting persistence.persistenceManagerImplementationClass has value 'de.fraunhofer.iosb.ilt.sta.persistence.postgres.longid.PostgresPersistenceManagerString'.
2021-03-21 19:44:52,793 356  [main] INFO  d.f.i.i.f.settings.Settings - Setting persistence.alwaysOrderbyId has value 'false'.
2021-03-21 19:44:52,793 356  [main] INFO  d.f.i.i.f.settings.Settings - Not set persistence.idGenerationMode, using default value 'ServerGeneratedOnly'.
2021-03-21 19:44:52,794 357  [main] INFO  d.f.i.i.f.settings.Settings - Not set persistence.autoUpdateDatabase, using default value 'false'.
2021-03-21 19:44:52,794 357  [main] INFO  d.f.i.i.f.settings.Settings - Not set persistence.slowQueryThreshold, using default value '200'.
2021-03-21 19:44:52,794 357  [main] INFO  d.f.i.i.f.settings.Settings - Not set persistence.queryTimeout, using default value '0'.
2021-03-21 19:44:52,796 359  [main] INFO  d.f.i.i.f.settings.Settings - Setting bus.busImplementationClass has value 'de.fraunhofer.iosb.ilt.sta.messagebus.MqttMessageBus'.
2021-03-21 19:44:52,797 360  [main] INFO  d.f.i.i.f.settings.Settings - Not set extension.customLinks.enable, using default value 'false'.
2021-03-21 19:44:52,798 361  [main] INFO  d.f.i.i.f.settings.Settings - Not set plugins.providedPlugins, using default value 'de.fraunhofer.iosb.ilt.frostserver.formatter.PluginResultFormatDefault,de.fraunhofer.iosb.ilt.frostserver.plugin.batchprocessing.PluginBatchProcessing,de.fraunhofer.iosb.ilt.frostserver.plugin.format.dataarray.PluginResultFormatDataArray,de.fraunhofer.iosb.ilt.frostserver.plugin.format.csv.PluginResultFormatCsv,de.fraunhofer.iosb.ilt.frostserver.plugin.format.geojson.PluginResultFormatGeoJson,de.fraunhofer.iosb.ilt.frostserver.plugin.openapi.PluginOpenApi'.
2021-03-21 19:44:52,802 365  [main] WARN  d.f.i.i.f.service.PluginManager - Could not load given plugin class: 'de.fraunhofer.iosb.ilt.frostserver.plugin.batchprocessing.PluginBatchProcessing'
2021-03-21 19:44:52,802 365  [main] WARN  d.f.i.i.f.service.PluginManager - Could not load given plugin class: 'de.fraunhofer.iosb.ilt.frostserver.plugin.format.dataarray.PluginResultFormatDataArray'
2021-03-21 19:44:52,802 365  [main] WARN  d.f.i.i.f.service.PluginManager - Could not load given plugin class: 'de.fraunhofer.iosb.ilt.frostserver.plugin.format.csv.PluginResultFormatCsv'
2021-03-21 19:44:52,803 366  [main] WARN  d.f.i.i.f.service.PluginManager - Could not load given plugin class: 'de.fraunhofer.iosb.ilt.frostserver.plugin.format.geojson.PluginResultFormatGeoJson'
2021-03-21 19:44:52,803 366  [main] WARN  d.f.i.i.f.service.PluginManager - Could not load given plugin class: 'de.fraunhofer.iosb.ilt.frostserver.plugin.openapi.PluginOpenApi'
2021-03-21 19:44:52,804 367  [main] INFO  d.f.i.i.f.settings.Settings - Not set plugins.plugins, using default value ''.
